{"/home/torsten/projects/ai-testing/.agents/skills/sim-agent-loop/scripts/utils/api_client.js": {"path":"/home/torsten/projects/ai-testing/.agents/skills/sim-agent-loop/scripts/utils/api_client.js","statementMap":{"0":{"start":{"line":1,"column":11},"end":{"line":1,"column":24}},"1":{"start":{"line":4,"column":4},"end":{"line":20,"column":5}},"2":{"start":{"line":4,"column":17},"end":{"line":4,"column":18}},"3":{"start":{"line":5,"column":8},"end":{"line":19,"column":9}},"4":{"start":{"line":6,"column":29},"end":{"line":10,"column":14}},"5":{"start":{"line":11,"column":25},"end":{"line":11,"column":46}},"6":{"start":{"line":12,"column":12},"end":{"line":12,"column":64}},"7":{"start":{"line":12,"column":28},"end":{"line":12,"column":64}},"8":{"start":{"line":13,"column":12},"end":{"line":13,"column":103}},"9":{"start":{"line":13,"column":66},"end":{"line":13,"column":103}},"10":{"start":{"line":14,"column":12},"end":{"line":14,"column":60}},"11":{"start":{"line":16,"column":12},"end":{"line":16,"column":99}},"12":{"start":{"line":17,"column":12},"end":{"line":17,"column":45}},"13":{"start":{"line":17,"column":35},"end":{"line":17,"column":45}},"14":{"start":{"line":18,"column":12},"end":{"line":18,"column":85}},"15":{"start":{"line":18,"column":41},"end":{"line":18,"column":83}},"16":{"start":{"line":27,"column":19},"end":{"line":27,"column":21}},"17":{"start":{"line":29,"column":25},"end":{"line":29,"column":88}},"18":{"start":{"line":30,"column":22},"end":{"line":30,"column":56}},"19":{"start":{"line":32,"column":23},"end":{"line":32,"column":27}},"20":{"start":{"line":34,"column":4},"end":{"line":57,"column":7}},"21":{"start":{"line":35,"column":24},"end":{"line":35,"column":47}},"22":{"start":{"line":36,"column":22},"end":{"line":36,"column":102}},"23":{"start":{"line":37,"column":21},"end":{"line":37,"column":110}},"24":{"start":{"line":39,"column":8},"end":{"line":56,"column":9}},"25":{"start":{"line":42,"column":12},"end":{"line":44,"column":13}},"26":{"start":{"line":43,"column":16},"end":{"line":43,"column":92}},"27":{"start":{"line":46,"column":12},"end":{"line":46,"column":90}},"28":{"start":{"line":46,"column":62},"end":{"line":46,"column":90}},"29":{"start":{"line":47,"column":12},"end":{"line":47,"column":97}},"30":{"start":{"line":48,"column":12},"end":{"line":48,"column":32}},"31":{"start":{"line":51,"column":12},"end":{"line":55,"column":13}},"32":{"start":{"line":52,"column":16},"end":{"line":52,"column":73}},"33":{"start":{"line":54,"column":16},"end":{"line":54,"column":67}},"34":{"start":{"line":59,"column":4},"end":{"line":63,"column":5}},"35":{"start":{"line":60,"column":8},"end":{"line":60,"column":36}},"36":{"start":{"line":61,"column":11},"end":{"line":63,"column":5}},"37":{"start":{"line":62,"column":8},"end":{"line":62,"column":84}},"38":{"start":{"line":65,"column":20},"end":{"line":65,"column":39}},"39":{"start":{"line":66,"column":4},"end":{"line":66,"column":97}},"40":{"start":{"line":68,"column":4},"end":{"line":71,"column":6}},"41":{"start":{"line":74,"column":0},"end":{"line":74,"column":51}}},"fnMap":{"0":{"name":"callGemini","decl":{"start":{"line":3,"column":15},"end":{"line":3,"column":25}},"loc":{"start":{"line":3,"column":56},"end":{"line":21,"column":1}},"line":3},"1":{"name":"(anonymous_1)","decl":{"start":{"line":18,"column":30},"end":{"line":18,"column":31}},"loc":{"start":{"line":18,"column":41},"end":{"line":18,"column":83}},"line":18},"2":{"name":"buildAgentContext","decl":{"start":{"line":26,"column":9},"end":{"line":26,"column":26}},"loc":{"start":{"line":26,"column":117},"end":{"line":72,"column":1}},"line":26},"3":{"name":"(anonymous_3)","decl":{"start":{"line":34,"column":26},"end":{"line":34,"column":27}},"loc":{"start":{"line":34,"column":35},"end":{"line":57,"column":5}},"line":34}},"branchMap":{"0":{"loc":{"start":{"line":3,"column":43},"end":{"line":3,"column":54}},"type":"default-arg","locations":[{"start":{"line":3,"column":53},"end":{"line":3,"column":54}}],"line":3},"1":{"loc":{"start":{"line":12,"column":12},"end":{"line":12,"column":64}},"type":"if","locations":[{"start":{"line":12,"column":12},"end":{"line":12,"column":64}},{"start":{},"end":{}}],"line":12},"2":{"loc":{"start":{"line":13,"column":12},"end":{"line":13,"column":103}},"type":"if","locations":[{"start":{"line":13,"column":12},"end":{"line":13,"column":103}},{"start":{},"end":{}}],"line":13},"3":{"loc":{"start":{"line":13,"column":16},"end":{"line":13,"column":64}},"type":"binary-expr","locations":[{"start":{"line":13,"column":16},"end":{"line":13,"column":32}},{"start":{"line":13,"column":36},"end":{"line":13,"column":64}}],"line":13},"4":{"loc":{"start":{"line":17,"column":12},"end":{"line":17,"column":45}},"type":"if","locations":[{"start":{"line":17,"column":12},"end":{"line":17,"column":45}},{"start":{},"end":{}}],"line":17},"5":{"loc":{"start":{"line":29,"column":25},"end":{"line":29,"column":88}},"type":"cond-expr","locations":[{"start":{"line":29,"column":34},"end":{"line":29,"column":83}},{"start":{"line":29,"column":86},"end":{"line":29,"column":88}}],"line":29},"6":{"loc":{"start":{"line":36,"column":22},"end":{"line":36,"column":102}},"type":"cond-expr","locations":[{"start":{"line":36,"column":73},"end":{"line":36,"column":88}},{"start":{"line":36,"column":91},"end":{"line":36,"column":102}}],"line":36},"7":{"loc":{"start":{"line":36,"column":22},"end":{"line":36,"column":70}},"type":"binary-expr","locations":[{"start":{"line":36,"column":22},"end":{"line":36,"column":31}},{"start":{"line":36,"column":35},"end":{"line":36,"column":42}},{"start":{"line":36,"column":46},"end":{"line":36,"column":70}}],"line":36},"8":{"loc":{"start":{"line":37,"column":50},"end":{"line":37,"column":108}},"type":"cond-expr","locations":[{"start":{"line":37,"column":67},"end":{"line":37,"column":103}},{"start":{"line":37,"column":106},"end":{"line":37,"column":108}}],"line":37},"9":{"loc":{"start":{"line":39,"column":8},"end":{"line":56,"column":9}},"type":"if","locations":[{"start":{"line":39,"column":8},"end":{"line":56,"column":9}},{"start":{"line":49,"column":15},"end":{"line":56,"column":9}}],"line":39},"10":{"loc":{"start":{"line":42,"column":12},"end":{"line":44,"column":13}},"type":"if","locations":[{"start":{"line":42,"column":12},"end":{"line":44,"column":13}},{"start":{},"end":{}}],"line":42},"11":{"loc":{"start":{"line":42,"column":16},"end":{"line":42,"column":54}},"type":"binary-expr","locations":[{"start":{"line":42,"column":16},"end":{"line":42,"column":37}},{"start":{"line":42,"column":41},"end":{"line":42,"column":54}}],"line":42},"12":{"loc":{"start":{"line":46,"column":12},"end":{"line":46,"column":90}},"type":"if","locations":[{"start":{"line":46,"column":12},"end":{"line":46,"column":90}},{"start":{},"end":{}}],"line":46},"13":{"loc":{"start":{"line":46,"column":16},"end":{"line":46,"column":60}},"type":"binary-expr","locations":[{"start":{"line":46,"column":16},"end":{"line":46,"column":28}},{"start":{"line":46,"column":32},"end":{"line":46,"column":60}}],"line":46},"14":{"loc":{"start":{"line":51,"column":12},"end":{"line":55,"column":13}},"type":"if","locations":[{"start":{"line":51,"column":12},"end":{"line":55,"column":13}},{"start":{"line":53,"column":19},"end":{"line":55,"column":13}}],"line":51},"15":{"loc":{"start":{"line":59,"column":4},"end":{"line":63,"column":5}},"type":"if","locations":[{"start":{"line":59,"column":4},"end":{"line":63,"column":5}},{"start":{"line":61,"column":11},"end":{"line":63,"column":5}}],"line":59},"16":{"loc":{"start":{"line":61,"column":11},"end":{"line":63,"column":5}},"type":"if","locations":[{"start":{"line":61,"column":11},"end":{"line":63,"column":5}},{"start":{},"end":{}}],"line":61},"17":{"loc":{"start":{"line":61,"column":15},"end":{"line":61,"column":86}},"type":"binary-expr","locations":[{"start":{"line":61,"column":15},"end":{"line":61,"column":36}},{"start":{"line":61,"column":40},"end":{"line":61,"column":86}}],"line":61}},"s":{"0":1,"1":5,"2":5,"3":7,"4":7,"5":4,"6":4,"7":1,"8":3,"9":1,"10":2,"11":4,"12":4,"13":2,"14":2,"15":2,"16":5,"17":5,"18":5,"19":5,"20":5,"21":3,"22":3,"23":3,"24":3,"25":1,"26":1,"27":1,"28":0,"29":1,"30":1,"31":2,"32":1,"33":1,"34":5,"35":1,"36":4,"37":4,"38":5,"39":5,"40":5,"41":1},"f":{"0":5,"1":2,"2":5,"3":3},"b":{"0":[2],"1":[1,3],"2":[1,2],"3":[3,3],"4":[2,2],"5":[5,0],"6":[0,3],"7":[3,0,0],"8":[0,3],"9":[1,2],"10":[1,0],"11":[1,1],"12":[0,1],"13":[1,0],"14":[1,1],"15":[1,4],"16":[4,0],"17":[4,1]},"_coverageSchema":"1a1c01bbd47fc00a2c39e90264f33305004495a9","hash":"017ab7350f3fe24ce62e28953dae3ad3286f5090"}
,"/home/torsten/projects/ai-testing/.agents/skills/sim-agent-loop/scripts/utils/config_loader.js": {"path":"/home/torsten/projects/ai-testing/.agents/skills/sim-agent-loop/scripts/utils/config_loader.js","statementMap":{"0":{"start":{"line":1,"column":11},"end":{"line":1,"column":24}},"1":{"start":{"line":2,"column":13},"end":{"line":2,"column":28}},"2":{"start":{"line":5,"column":19},"end":{"line":5,"column":44}},"3":{"start":{"line":6,"column":4},"end":{"line":13,"column":5}},"4":{"start":{"line":7,"column":8},"end":{"line":12,"column":11}},"5":{"start":{"line":8,"column":12},"end":{"line":11,"column":69}},"6":{"start":{"line":9,"column":16},"end":{"line":10,"column":75}},"7":{"start":{"line":9,"column":40},"end":{"line":9,"column":86}},"8":{"start":{"line":10,"column":23},"end":{"line":10,"column":73}},"9":{"start":{"line":11,"column":21},"end":{"line":11,"column":67}},"10":{"start":{"line":14,"column":4},"end":{"line":14,"column":18}},"11":{"start":{"line":18,"column":21},"end":{"line":18,"column":88}},"12":{"start":{"line":19,"column":4},"end":{"line":21,"column":5}},"13":{"start":{"line":20,"column":8},"end":{"line":20,"column":143}},"14":{"start":{"line":20,"column":14},"end":{"line":20,"column":73}},"15":{"start":{"line":20,"column":88},"end":{"line":20,"column":141}},"16":{"start":{"line":22,"column":26},"end":{"line":22,"column":74}},"17":{"start":{"line":23,"column":4},"end":{"line":23,"column":48}},"18":{"start":{"line":26,"column":0},"end":{"line":26,"column":43}}},"fnMap":{"0":{"name":"deepMerge","decl":{"start":{"line":4,"column":9},"end":{"line":4,"column":18}},"loc":{"start":{"line":4,"column":35},"end":{"line":15,"column":1}},"line":4},"1":{"name":"(anonymous_1)","decl":{"start":{"line":7,"column":36},"end":{"line":7,"column":37}},"loc":{"start":{"line":7,"column":43},"end":{"line":12,"column":9}},"line":7},"2":{"name":"loadConfig","decl":{"start":{"line":17,"column":9},"end":{"line":17,"column":19}},"loc":{"start":{"line":17,"column":43},"end":{"line":24,"column":1}},"line":17}},"branchMap":{"0":{"loc":{"start":{"line":6,"column":4},"end":{"line":13,"column":5}},"type":"if","locations":[{"start":{"line":6,"column":4},"end":{"line":13,"column":5}},{"start":{},"end":{}}],"line":6},"1":{"loc":{"start":{"line":6,"column":8},"end":{"line":6,"column":44}},"type":"binary-expr","locations":[{"start":{"line":6,"column":8},"end":{"line":6,"column":14}},{"start":{"line":6,"column":18},"end":{"line":6,"column":44}}],"line":6},"2":{"loc":{"start":{"line":8,"column":12},"end":{"line":11,"column":69}},"type":"if","locations":[{"start":{"line":8,"column":12},"end":{"line":11,"column":69}},{"start":{"line":11,"column":19},"end":{"line":11,"column":69}}],"line":8},"3":{"loc":{"start":{"line":8,"column":16},"end":{"line":8,"column":93}},"type":"binary-expr","locations":[{"start":{"line":8,"column":16},"end":{"line":8,"column":27}},{"start":{"line":8,"column":31},"end":{"line":8,"column":62}},{"start":{"line":8,"column":66},"end":{"line":8,"column":93}}],"line":8},"4":{"loc":{"start":{"line":9,"column":16},"end":{"line":10,"column":75}},"type":"if","locations":[{"start":{"line":9,"column":16},"end":{"line":10,"column":75}},{"start":{"line":10,"column":21},"end":{"line":10,"column":75}}],"line":9},"5":{"loc":{"start":{"line":19,"column":4},"end":{"line":21,"column":5}},"type":"if","locations":[{"start":{"line":19,"column":4},"end":{"line":21,"column":5}},{"start":{},"end":{}}],"line":19}},"s":{"0":1,"1":1,"2":3,"3":3,"4":3,"5":4,"6":1,"7":0,"8":1,"9":3,"10":3,"11":1,"12":1,"13":1,"14":1,"15":0,"16":1,"17":1,"18":1},"f":{"0":3,"1":4,"2":1},"b":{"0":[3,0],"1":[3,3],"2":[1,3],"3":[4,4,1],"4":[0,1],"5":[1,0]},"_coverageSchema":"1a1c01bbd47fc00a2c39e90264f33305004495a9","hash":"722edd9679c8ff226fc8c755530096ed8de58e63"}
,"/home/torsten/projects/ai-testing/.agents/skills/sim-agent-loop/scripts/utils/constants.js": {"path":"/home/torsten/projects/ai-testing/.agents/skills/sim-agent-loop/scripts/utils/constants.js","statementMap":{"0":{"start":{"line":4,"column":0},"end":{"line":30,"column":2}}},"fnMap":{},"branchMap":{},"s":{"0":1},"f":{},"b":{},"_coverageSchema":"1a1c01bbd47fc00a2c39e90264f33305004495a9","hash":"bea115e1db761302e9d85adea33b8df3d45d3b8d"}
,"/home/torsten/projects/ai-testing/.agents/skills/sim-agent-loop/scripts/utils/environment.js": {"path":"/home/torsten/projects/ai-testing/.agents/skills/sim-agent-loop/scripts/utils/environment.js","statementMap":{"0":{"start":{"line":1,"column":11},"end":{"line":1,"column":24}},"1":{"start":{"line":2,"column":13},"end":{"line":2,"column":28}},"2":{"start":{"line":3,"column":21},"end":{"line":3,"column":45}},"3":{"start":{"line":6,"column":4},"end":{"line":6,"column":52}},"4":{"start":{"line":6,"column":37},"end":{"line":6,"column":52}},"5":{"start":{"line":7,"column":21},"end":{"line":19,"column":5}},"6":{"start":{"line":8,"column":22},"end":{"line":8,"column":24}},"7":{"start":{"line":9,"column":22},"end":{"line":9,"column":41}},"8":{"start":{"line":10,"column":8},"end":{"line":17,"column":11}},"9":{"start":{"line":11,"column":22},"end":{"line":11,"column":42}},"10":{"start":{"line":12,"column":12},"end":{"line":16,"column":13}},"11":{"start":{"line":13,"column":16},"end":{"line":13,"column":77}},"12":{"start":{"line":15,"column":16},"end":{"line":15,"column":52}},"13":{"start":{"line":18,"column":8},"end":{"line":18,"column":23}},"14":{"start":{"line":20,"column":18},"end":{"line":20,"column":39}},"15":{"start":{"line":21,"column":4},"end":{"line":21,"column":86}},"16":{"start":{"line":25,"column":19},"end":{"line":25,"column":21}},"17":{"start":{"line":27,"column":23},"end":{"line":27,"column":76}},"18":{"start":{"line":29,"column":4},"end":{"line":40,"column":5}},"19":{"start":{"line":30,"column":25},"end":{"line":30,"column":33}},"20":{"start":{"line":31,"column":24},"end":{"line":31,"column":39}},"21":{"start":{"line":32,"column":25},"end":{"line":32,"column":57}},"22":{"start":{"line":33,"column":8},"end":{"line":39,"column":9}},"23":{"start":{"line":34,"column":12},"end":{"line":34,"column":70}},"24":{"start":{"line":35,"column":12},"end":{"line":35,"column":48}},"25":{"start":{"line":36,"column":12},"end":{"line":36,"column":65}},"26":{"start":{"line":38,"column":12},"end":{"line":38,"column":66}},"27":{"start":{"line":43,"column":21},"end":{"line":43,"column":40}},"28":{"start":{"line":44,"column":4},"end":{"line":53,"column":5}},"29":{"start":{"line":45,"column":20},"end":{"line":45,"column":28}},"30":{"start":{"line":46,"column":8},"end":{"line":52,"column":9}},"31":{"start":{"line":47,"column":24},"end":{"line":47,"column":101}},"32":{"start":{"line":48,"column":12},"end":{"line":48,"column":67}},"33":{"start":{"line":50,"column":24},"end":{"line":50,"column":66}},"34":{"start":{"line":51,"column":12},"end":{"line":51,"column":73}},"35":{"start":{"line":54,"column":4},"end":{"line":54,"column":20}},"36":{"start":{"line":57,"column":0},"end":{"line":57,"column":49}}},"fnMap":{"0":{"name":"getEnvState","decl":{"start":{"line":5,"column":9},"end":{"line":5,"column":20}},"loc":{"start":{"line":5,"column":34},"end":{"line":22,"column":1}},"line":5},"1":{"name":"(anonymous_1)","decl":{"start":{"line":7,"column":21},"end":{"line":7,"column":22}},"loc":{"start":{"line":7,"column":41},"end":{"line":19,"column":5}},"line":7},"2":{"name":"(anonymous_2)","decl":{"start":{"line":10,"column":22},"end":{"line":10,"column":23}},"loc":{"start":{"line":10,"column":30},"end":{"line":17,"column":9}},"line":10},"3":{"name":"processActions","decl":{"start":{"line":24,"column":9},"end":{"line":24,"column":23}},"loc":{"start":{"line":24,"column":43},"end":{"line":55,"column":1}},"line":24}},"branchMap":{"0":{"loc":{"start":{"line":6,"column":4},"end":{"line":6,"column":52}},"type":"if","locations":[{"start":{"line":6,"column":4},"end":{"line":6,"column":52}},{"start":{},"end":{}}],"line":6},"1":{"loc":{"start":{"line":7,"column":27},"end":{"line":7,"column":36}},"type":"default-arg","locations":[{"start":{"line":7,"column":34},"end":{"line":7,"column":36}}],"line":7},"2":{"loc":{"start":{"line":12,"column":12},"end":{"line":16,"column":13}},"type":"if","locations":[{"start":{"line":12,"column":12},"end":{"line":16,"column":13}},{"start":{"line":14,"column":19},"end":{"line":16,"column":13}}],"line":12},"3":{"loc":{"start":{"line":21,"column":11},"end":{"line":21,"column":85}},"type":"cond-expr","locations":[{"start":{"line":21,"column":32},"end":{"line":21,"column":39}},{"start":{"line":21,"column":42},"end":{"line":21,"column":85}}],"line":21},"4":{"loc":{"start":{"line":48,"column":50},"end":{"line":48,"column":61}},"type":"binary-expr","locations":[{"start":{"line":48,"column":50},"end":{"line":48,"column":53}},{"start":{"line":48,"column":57},"end":{"line":48,"column":61}}],"line":48},"5":{"loc":{"start":{"line":50,"column":24},"end":{"line":50,"column":66}},"type":"cond-expr","locations":[{"start":{"line":50,"column":35},"end":{"line":50,"column":54}},{"start":{"line":50,"column":57},"end":{"line":50,"column":66}}],"line":50}},"s":{"0":1,"1":1,"2":1,"3":2,"4":0,"5":2,"6":3,"7":3,"8":3,"9":3,"10":3,"11":1,"12":2,"13":3,"14":2,"15":2,"16":4,"17":4,"18":4,"19":2,"20":2,"21":2,"22":2,"23":2,"24":2,"25":1,"26":1,"27":4,"28":4,"29":2,"30":2,"31":2,"32":1,"33":1,"34":1,"35":4,"36":1},"f":{"0":2,"1":3,"2":3,"3":4},"b":{"0":[0,2],"1":[2],"2":[1,2],"3":[1,1],"4":[1,0],"5":[1,0]},"_coverageSchema":"1a1c01bbd47fc00a2c39e90264f33305004495a9","hash":"727b080faa49504fa561aa830584bbf0beec5511"}
,"/home/torsten/projects/ai-testing/.agents/skills/sim-agent-loop/scripts/utils/logger.js": {"path":"/home/torsten/projects/ai-testing/.agents/skills/sim-agent-loop/scripts/utils/logger.js","statementMap":{"0":{"start":{"line":1,"column":11},"end":{"line":1,"column":24}},"1":{"start":{"line":4,"column":17},"end":{"line":4,"column":165}},"2":{"start":{"line":5,"column":4},"end":{"line":7,"column":7}},"3":{"start":{"line":6,"column":8},"end":{"line":6,"column":95}},"4":{"start":{"line":8,"column":4},"end":{"line":8,"column":24}},"5":{"start":{"line":9,"column":4},"end":{"line":9,"column":38}},"6":{"start":{"line":13,"column":22},"end":{"line":13,"column":81}},"7":{"start":{"line":14,"column":18},"end":{"line":14,"column":79}},"8":{"start":{"line":16,"column":18},"end":{"line":20,"column":45}},"9":{"start":{"line":22,"column":4},"end":{"line":22,"column":38}},"10":{"start":{"line":25,"column":0},"end":{"line":25,"column":51}}},"fnMap":{"0":{"name":"writeLogHeader","decl":{"start":{"line":3,"column":9},"end":{"line":3,"column":23}},"loc":{"start":{"line":3,"column":58},"end":{"line":10,"column":1}},"line":3},"1":{"name":"(anonymous_1)","decl":{"start":{"line":5,"column":19},"end":{"line":5,"column":20}},"loc":{"start":{"line":5,"column":24},"end":{"line":7,"column":5}},"line":5},"2":{"name":"appendTurnLog","decl":{"start":{"line":12,"column":9},"end":{"line":12,"column":22}},"loc":{"start":{"line":12,"column":119},"end":{"line":23,"column":1}},"line":12}},"branchMap":{"0":{"loc":{"start":{"line":12,"column":101},"end":{"line":12,"column":117}},"type":"default-arg","locations":[{"start":{"line":12,"column":112},"end":{"line":12,"column":117}}],"line":12},"1":{"loc":{"start":{"line":13,"column":22},"end":{"line":13,"column":81}},"type":"cond-expr","locations":[{"start":{"line":13,"column":33},"end":{"line":13,"column":60}},{"start":{"line":13,"column":63},"end":{"line":13,"column":81}}],"line":13},"2":{"loc":{"start":{"line":14,"column":18},"end":{"line":14,"column":79}},"type":"cond-expr","locations":[{"start":{"line":14,"column":36},"end":{"line":14,"column":74}},{"start":{"line":14,"column":77},"end":{"line":14,"column":79}}],"line":14}},"s":{"0":1,"1":1,"2":1,"3":1,"4":1,"5":1,"6":1,"7":1,"8":1,"9":1,"10":1},"f":{"0":1,"1":1,"2":1},"b":{"0":[0],"1":[0,1],"2":[1,0]},"_coverageSchema":"1a1c01bbd47fc00a2c39e90264f33305004495a9","hash":"b341dcd018a39ecbb2d7fa977a5edb46e122f4de"}
,"/home/torsten/projects/ai-testing/.agents/skills/sim-agent-loop/scripts/utils/logic_helpers.js": {"path":"/home/torsten/projects/ai-testing/.agents/skills/sim-agent-loop/scripts/utils/logic_helpers.js","statementMap":{"0":{"start":{"line":1,"column":17},"end":{"line":1,"column":39}},"1":{"start":{"line":8,"column":4},"end":{"line":8,"column":25}},"2":{"start":{"line":8,"column":15},"end":{"line":8,"column":25}},"3":{"start":{"line":9,"column":13},"end":{"line":9,"column":17}},"4":{"start":{"line":12,"column":4},"end":{"line":17,"column":7}},"5":{"start":{"line":14,"column":27},"end":{"line":14,"column":69}},"6":{"start":{"line":15,"column":22},"end":{"line":15,"column":82}},"7":{"start":{"line":16,"column":8},"end":{"line":16,"column":35}},"8":{"start":{"line":20,"column":23},"end":{"line":20,"column":89}},"9":{"start":{"line":21,"column":4},"end":{"line":21,"column":36}},"10":{"start":{"line":23,"column":4},"end":{"line":23,"column":14}},"11":{"start":{"line":27,"column":16},"end":{"line":27,"column":17}},"12":{"start":{"line":28,"column":4},"end":{"line":39,"column":7}},"13":{"start":{"line":29,"column":21},"end":{"line":29,"column":72}},"14":{"start":{"line":30,"column":8},"end":{"line":38,"column":9}},"15":{"start":{"line":31,"column":12},"end":{"line":31,"column":20}},"16":{"start":{"line":34,"column":28},"end":{"line":34,"column":90}},"17":{"start":{"line":35,"column":12},"end":{"line":35,"column":49}},"18":{"start":{"line":35,"column":25},"end":{"line":35,"column":49}},"19":{"start":{"line":37,"column":12},"end":{"line":37,"column":55}},"20":{"start":{"line":37,"column":47},"end":{"line":37,"column":55}},"21":{"start":{"line":40,"column":4},"end":{"line":40,"column":17}},"22":{"start":{"line":43,"column":0},"end":{"line":43,"column":54}}},"fnMap":{"0":{"name":"cleanSystemTags","decl":{"start":{"line":7,"column":9},"end":{"line":7,"column":24}},"loc":{"start":{"line":7,"column":31},"end":{"line":24,"column":1}},"line":7},"1":{"name":"(anonymous_1)","decl":{"start":{"line":12,"column":32},"end":{"line":12,"column":33}},"loc":{"start":{"line":12,"column":39},"end":{"line":17,"column":5}},"line":12},"2":{"name":"countTotalTurns","decl":{"start":{"line":26,"column":9},"end":{"line":26,"column":24}},"loc":{"start":{"line":26,"column":34},"end":{"line":41,"column":1}},"line":26},"3":{"name":"(anonymous_3)","decl":{"start":{"line":28,"column":20},"end":{"line":28,"column":21}},"loc":{"start":{"line":28,"column":28},"end":{"line":39,"column":5}},"line":28}},"branchMap":{"0":{"loc":{"start":{"line":8,"column":4},"end":{"line":8,"column":25}},"type":"if","locations":[{"start":{"line":8,"column":4},"end":{"line":8,"column":25}},{"start":{},"end":{}}],"line":8},"1":{"loc":{"start":{"line":29,"column":21},"end":{"line":29,"column":72}},"type":"cond-expr","locations":[{"start":{"line":29,"column":34},"end":{"line":29,"column":52}},{"start":{"line":29,"column":56},"end":{"line":29,"column":71}}],"line":29},"2":{"loc":{"start":{"line":29,"column":56},"end":{"line":29,"column":71}},"type":"binary-expr","locations":[{"start":{"line":29,"column":56},"end":{"line":29,"column":65}},{"start":{"line":29,"column":69},"end":{"line":29,"column":71}}],"line":29},"3":{"loc":{"start":{"line":30,"column":8},"end":{"line":38,"column":9}},"type":"if","locations":[{"start":{"line":30,"column":8},"end":{"line":38,"column":9}},{"start":{"line":32,"column":15},"end":{"line":38,"column":9}}],"line":30},"4":{"loc":{"start":{"line":35,"column":12},"end":{"line":35,"column":49}},"type":"if","locations":[{"start":{"line":35,"column":12},"end":{"line":35,"column":49}},{"start":{},"end":{}}],"line":35},"5":{"loc":{"start":{"line":37,"column":12},"end":{"line":37,"column":55}},"type":"if","locations":[{"start":{"line":37,"column":12},"end":{"line":37,"column":55}},{"start":{},"end":{}}],"line":37}},"s":{"0":1,"1":24,"2":2,"3":22,"4":22,"5":220,"6":220,"7":220,"8":22,"9":22,"10":22,"11":4,"12":4,"13":5,"14":5,"15":2,"16":3,"17":3,"18":2,"19":3,"20":2,"21":4,"22":1},"f":{"0":24,"1":220,"2":4,"3":5},"b":{"0":[2,22],"1":[5,0],"2":[0,0],"3":[2,3],"4":[2,1],"5":[2,1]},"_coverageSchema":"1a1c01bbd47fc00a2c39e90264f33305004495a9","hash":"0370546db9908a1703901f40d7e6f7d038d900b0"}
,"/home/torsten/projects/ai-testing/.agents/skills/sim-agent-loop/scripts/utils/state_manager.js": {"path":"/home/torsten/projects/ai-testing/.agents/skills/sim-agent-loop/scripts/utils/state_manager.js","statementMap":{"0":{"start":{"line":1,"column":11},"end":{"line":1,"column":24}},"1":{"start":{"line":2,"column":13},"end":{"line":2,"column":28}},"2":{"start":{"line":3,"column":23},"end":{"line":3,"column":46}},"3":{"start":{"line":6,"column":4},"end":{"line":6,"column":63}},"4":{"start":{"line":10,"column":4},"end":{"line":17,"column":5}},"5":{"start":{"line":11,"column":8},"end":{"line":16,"column":9}},"6":{"start":{"line":12,"column":12},"end":{"line":12,"column":66}},"7":{"start":{"line":14,"column":12},"end":{"line":14,"column":70}},"8":{"start":{"line":15,"column":12},"end":{"line":15,"column":24}},"9":{"start":{"line":18,"column":4},"end":{"line":18,"column":16}},"10":{"start":{"line":22,"column":4},"end":{"line":22,"column":55}},"11":{"start":{"line":23,"column":26},"end":{"line":23,"column":124}},"12":{"start":{"line":25,"column":19},"end":{"line":46,"column":73}},"13":{"start":{"line":48,"column":4},"end":{"line":58,"column":5}},"14":{"start":{"line":49,"column":26},"end":{"line":49,"column":111}},"15":{"start":{"line":50,"column":8},"end":{"line":53,"column":9}},"16":{"start":{"line":51,"column":12},"end":{"line":51,"column":59}},"17":{"start":{"line":52,"column":12},"end":{"line":52,"column":24}},"18":{"start":{"line":54,"column":8},"end":{"line":54,"column":21}},"19":{"start":{"line":56,"column":8},"end":{"line":56,"column":65}},"20":{"start":{"line":57,"column":8},"end":{"line":57,"column":21}},"21":{"start":{"line":62,"column":4},"end":{"line":62,"column":47}},"22":{"start":{"line":63,"column":4},"end":{"line":63,"column":149}},"23":{"start":{"line":65,"column":4},"end":{"line":71,"column":5}},"24":{"start":{"line":66,"column":8},"end":{"line":66,"column":49}},"25":{"start":{"line":67,"column":24},"end":{"line":67,"column":86}},"26":{"start":{"line":68,"column":8},"end":{"line":70,"column":9}},"27":{"start":{"line":69,"column":12},"end":{"line":69,"column":117}},"28":{"start":{"line":72,"column":4},"end":{"line":72,"column":44}},"29":{"start":{"line":75,"column":0},"end":{"line":75,"column":79}}},"fnMap":{"0":{"name":"saveState","decl":{"start":{"line":5,"column":9},"end":{"line":5,"column":18}},"loc":{"start":{"line":5,"column":36},"end":{"line":7,"column":1}},"line":5},"1":{"name":"loadState","decl":{"start":{"line":9,"column":9},"end":{"line":9,"column":18}},"loc":{"start":{"line":9,"column":30},"end":{"line":19,"column":1}},"line":9},"2":{"name":"runDistillation","decl":{"start":{"line":21,"column":15},"end":{"line":21,"column":30}},"loc":{"start":{"line":21,"column":73},"end":{"line":59,"column":1}},"line":21},"3":{"name":"finalizeSimulation","decl":{"start":{"line":61,"column":15},"end":{"line":61,"column":33}},"loc":{"start":{"line":61,"column":85},"end":{"line":73,"column":1}},"line":61}},"branchMap":{"0":{"loc":{"start":{"line":10,"column":4},"end":{"line":17,"column":5}},"type":"if","locations":[{"start":{"line":10,"column":4},"end":{"line":17,"column":5}},{"start":{},"end":{}}],"line":10},"1":{"loc":{"start":{"line":23,"column":26},"end":{"line":23,"column":124}},"type":"cond-expr","locations":[{"start":{"line":23,"column":61},"end":{"line":23,"column":103}},{"start":{"line":23,"column":106},"end":{"line":23,"column":124}}],"line":23},"2":{"loc":{"start":{"line":50,"column":8},"end":{"line":53,"column":9}},"type":"if","locations":[{"start":{"line":50,"column":8},"end":{"line":53,"column":9}},{"start":{},"end":{}}],"line":50},"3":{"loc":{"start":{"line":50,"column":12},"end":{"line":50,"column":55}},"type":"binary-expr","locations":[{"start":{"line":50,"column":12},"end":{"line":50,"column":21}},{"start":{"line":50,"column":25},"end":{"line":50,"column":55}}],"line":50},"4":{"loc":{"start":{"line":63,"column":93},"end":{"line":63,"column":140}},"type":"cond-expr","locations":[{"start":{"line":63,"column":109},"end":{"line":63,"column":117}},{"start":{"line":63,"column":120},"end":{"line":63,"column":140}}],"line":63},"5":{"loc":{"start":{"line":65,"column":4},"end":{"line":71,"column":5}},"type":"if","locations":[{"start":{"line":65,"column":4},"end":{"line":71,"column":5}},{"start":{},"end":{}}],"line":65},"6":{"loc":{"start":{"line":65,"column":8},"end":{"line":65,"column":61}},"type":"binary-expr","locations":[{"start":{"line":65,"column":8},"end":{"line":65,"column":27}},{"start":{"line":65,"column":31},"end":{"line":65,"column":61}}],"line":65},"7":{"loc":{"start":{"line":68,"column":8},"end":{"line":70,"column":9}},"type":"if","locations":[{"start":{"line":68,"column":8},"end":{"line":70,"column":9}},{"start":{},"end":{}}],"line":68}},"s":{"0":5,"1":5,"2":5,"3":1,"4":2,"5":2,"6":2,"7":1,"8":1,"9":0,"10":4,"11":4,"12":4,"13":4,"14":4,"15":3,"16":3,"17":3,"18":0,"19":1,"20":1,"21":2,"22":2,"23":2,"24":2,"25":2,"26":2,"27":2,"28":2,"29":5},"f":{"0":1,"1":2,"2":4,"3":2},"b":{"0":[2,0],"1":[1,3],"2":[3,0],"3":[3,3],"4":[1,1],"5":[2,0],"6":[2,2],"7":[2,0]},"_coverageSchema":"1a1c01bbd47fc00a2c39e90264f33305004495a9","hash":"6a7af6f396cb2407fc88ea66d59a3aa777101e17"}
,"/home/torsten/projects/ai-testing/.agents/skills/sim-agent-loop/scripts/utils/validator.js": {"path":"/home/torsten/projects/ai-testing/.agents/skills/sim-agent-loop/scripts/utils/validator.js","statementMap":{"0":{"start":{"line":5,"column":21},"end":{"line":5,"column":97}},"1":{"start":{"line":6,"column":4},"end":{"line":10,"column":7}},"2":{"start":{"line":7,"column":8},"end":{"line":9,"column":9}},"3":{"start":{"line":8,"column":12},"end":{"line":8,"column":83}},"4":{"start":{"line":14,"column":15},"end":{"line":14,"column":28}},"5":{"start":{"line":15,"column":17},"end":{"line":15,"column":32}},"6":{"start":{"line":16,"column":20},"end":{"line":16,"column":50}},"7":{"start":{"line":17,"column":4},"end":{"line":19,"column":5}},"8":{"start":{"line":18,"column":8},"end":{"line":18,"column":98}},"9":{"start":{"line":22,"column":0},"end":{"line":22,"column":57}}},"fnMap":{"0":{"name":"validateConfig","decl":{"start":{"line":4,"column":9},"end":{"line":4,"column":23}},"loc":{"start":{"line":4,"column":32},"end":{"line":11,"column":1}},"line":4},"1":{"name":"(anonymous_1)","decl":{"start":{"line":6,"column":21},"end":{"line":6,"column":22}},"loc":{"start":{"line":6,"column":30},"end":{"line":10,"column":5}},"line":6},"2":{"name":"validateEnvironment","decl":{"start":{"line":13,"column":9},"end":{"line":13,"column":28}},"loc":{"start":{"line":13,"column":42},"end":{"line":20,"column":1}},"line":13}},"branchMap":{"0":{"loc":{"start":{"line":7,"column":8},"end":{"line":9,"column":9}},"type":"if","locations":[{"start":{"line":7,"column":8},"end":{"line":9,"column":9}},{"start":{},"end":{}}],"line":7},"1":{"loc":{"start":{"line":17,"column":4},"end":{"line":19,"column":5}},"type":"if","locations":[{"start":{"line":17,"column":4},"end":{"line":19,"column":5}},{"start":{},"end":{}}],"line":17},"2":{"loc":{"start":{"line":17,"column":8},"end":{"line":17,"column":62}},"type":"binary-expr","locations":[{"start":{"line":17,"column":8},"end":{"line":17,"column":31}},{"start":{"line":17,"column":35},"end":{"line":17,"column":62}}],"line":17}},"s":{"0":2,"1":2,"2":6,"3":1,"4":3,"5":3,"6":3,"7":3,"8":1,"9":1},"f":{"0":2,"1":6,"2":3},"b":{"0":[1,5],"1":[1,2],"2":[3,2]},"_coverageSchema":"1a1c01bbd47fc00a2c39e90264f33305004495a9","hash":"18d74c3f6e9120a5d6f7f0e41adaf337dee7ed12"}
}
