{"/home/torsten/projects/ai-testing/sim_engine/utils/api_client.js": {"path":"/home/torsten/projects/ai-testing/sim_engine/utils/api_client.js","statementMap":{"0":{"start":{"line":1,"column":11},"end":{"line":1,"column":24}},"1":{"start":{"line":5,"column":4},"end":{"line":8,"column":5}},"2":{"start":{"line":7,"column":8},"end":{"line":7,"column":82}},"3":{"start":{"line":10,"column":4},"end":{"line":26,"column":5}},"4":{"start":{"line":10,"column":17},"end":{"line":10,"column":18}},"5":{"start":{"line":11,"column":8},"end":{"line":25,"column":9}},"6":{"start":{"line":12,"column":29},"end":{"line":16,"column":14}},"7":{"start":{"line":17,"column":25},"end":{"line":17,"column":46}},"8":{"start":{"line":18,"column":12},"end":{"line":18,"column":64}},"9":{"start":{"line":18,"column":28},"end":{"line":18,"column":64}},"10":{"start":{"line":19,"column":12},"end":{"line":19,"column":103}},"11":{"start":{"line":19,"column":66},"end":{"line":19,"column":103}},"12":{"start":{"line":20,"column":12},"end":{"line":20,"column":60}},"13":{"start":{"line":22,"column":12},"end":{"line":22,"column":99}},"14":{"start":{"line":23,"column":12},"end":{"line":23,"column":45}},"15":{"start":{"line":23,"column":35},"end":{"line":23,"column":45}},"16":{"start":{"line":24,"column":12},"end":{"line":24,"column":85}},"17":{"start":{"line":24,"column":41},"end":{"line":24,"column":83}},"18":{"start":{"line":30,"column":19},"end":{"line":30,"column":21}},"19":{"start":{"line":31,"column":25},"end":{"line":31,"column":84}},"20":{"start":{"line":32,"column":23},"end":{"line":32,"column":83}},"21":{"start":{"line":34,"column":4},"end":{"line":61,"column":7}},"22":{"start":{"line":35,"column":24},"end":{"line":35,"column":47}},"23":{"start":{"line":36,"column":8},"end":{"line":60,"column":9}},"24":{"start":{"line":37,"column":12},"end":{"line":37,"column":58}},"25":{"start":{"line":37,"column":30},"end":{"line":37,"column":58}},"26":{"start":{"line":40,"column":30},"end":{"line":42,"column":49}},"27":{"start":{"line":44,"column":12},"end":{"line":44,"column":75}},"28":{"start":{"line":46,"column":35},"end":{"line":46,"column":52}},"29":{"start":{"line":47,"column":33},"end":{"line":49,"column":58}},"30":{"start":{"line":51,"column":12},"end":{"line":51,"column":77}},"31":{"start":{"line":53,"column":26},"end":{"line":53,"column":95}},"32":{"start":{"line":54,"column":25},"end":{"line":54,"column":53}},"33":{"start":{"line":55,"column":12},"end":{"line":59,"column":13}},"34":{"start":{"line":56,"column":16},"end":{"line":56,"column":50}},"35":{"start":{"line":58,"column":16},"end":{"line":58,"column":67}},"36":{"start":{"line":63,"column":4},"end":{"line":63,"column":50}},"37":{"start":{"line":63,"column":22},"end":{"line":63,"column":50}},"38":{"start":{"line":66,"column":20},"end":{"line":66,"column":39}},"39":{"start":{"line":67,"column":4},"end":{"line":67,"column":85}},"40":{"start":{"line":70,"column":25},"end":{"line":70,"column":346}},"41":{"start":{"line":73,"column":26},"end":{"line":73,"column":72}},"42":{"start":{"line":75,"column":29},"end":{"line":75,"column":113}},"43":{"start":{"line":77,"column":4},"end":{"line":80,"column":6}},"44":{"start":{"line":83,"column":0},"end":{"line":83,"column":51}}},"fnMap":{"0":{"name":"callGemini","decl":{"start":{"line":3,"column":15},"end":{"line":3,"column":25}},"loc":{"start":{"line":3,"column":56},"end":{"line":27,"column":1}},"line":3},"1":{"name":"(anonymous_1)","decl":{"start":{"line":24,"column":30},"end":{"line":24,"column":31}},"loc":{"start":{"line":24,"column":41},"end":{"line":24,"column":83}},"line":24},"2":{"name":"buildAgentContext","decl":{"start":{"line":29,"column":9},"end":{"line":29,"column":26}},"loc":{"start":{"line":29,"column":111},"end":{"line":81,"column":1}},"line":29},"3":{"name":"(anonymous_3)","decl":{"start":{"line":34,"column":20},"end":{"line":34,"column":21}},"loc":{"start":{"line":34,"column":29},"end":{"line":61,"column":5}},"line":34}},"branchMap":{"0":{"loc":{"start":{"line":3,"column":43},"end":{"line":3,"column":54}},"type":"default-arg","locations":[{"start":{"line":3,"column":53},"end":{"line":3,"column":54}}],"line":3},"1":{"loc":{"start":{"line":5,"column":4},"end":{"line":8,"column":5}},"type":"if","locations":[{"start":{"line":5,"column":4},"end":{"line":8,"column":5}},{"start":{},"end":{}}],"line":5},"2":{"loc":{"start":{"line":18,"column":12},"end":{"line":18,"column":64}},"type":"if","locations":[{"start":{"line":18,"column":12},"end":{"line":18,"column":64}},{"start":{},"end":{}}],"line":18},"3":{"loc":{"start":{"line":19,"column":12},"end":{"line":19,"column":103}},"type":"if","locations":[{"start":{"line":19,"column":12},"end":{"line":19,"column":103}},{"start":{},"end":{}}],"line":19},"4":{"loc":{"start":{"line":19,"column":16},"end":{"line":19,"column":64}},"type":"binary-expr","locations":[{"start":{"line":19,"column":16},"end":{"line":19,"column":32}},{"start":{"line":19,"column":36},"end":{"line":19,"column":64}}],"line":19},"5":{"loc":{"start":{"line":23,"column":12},"end":{"line":23,"column":45}},"type":"if","locations":[{"start":{"line":23,"column":12},"end":{"line":23,"column":45}},{"start":{},"end":{}}],"line":23},"6":{"loc":{"start":{"line":31,"column":25},"end":{"line":31,"column":84}},"type":"cond-expr","locations":[{"start":{"line":31,"column":34},"end":{"line":31,"column":79}},{"start":{"line":31,"column":82},"end":{"line":31,"column":84}}],"line":31},"7":{"loc":{"start":{"line":36,"column":8},"end":{"line":60,"column":9}},"type":"if","locations":[{"start":{"line":36,"column":8},"end":{"line":60,"column":9}},{"start":{"line":52,"column":15},"end":{"line":60,"column":9}}],"line":36},"8":{"loc":{"start":{"line":37,"column":12},"end":{"line":37,"column":58}},"type":"if","locations":[{"start":{"line":37,"column":12},"end":{"line":37,"column":58}},{"start":{},"end":{}}],"line":37},"9":{"loc":{"start":{"line":40,"column":30},"end":{"line":42,"column":49}},"type":"cond-expr","locations":[{"start":{"line":41,"column":18},"end":{"line":41,"column":28}},{"start":{"line":42,"column":18},"end":{"line":42,"column":49}}],"line":40},"10":{"loc":{"start":{"line":47,"column":33},"end":{"line":49,"column":58}},"type":"cond-expr","locations":[{"start":{"line":48,"column":19},"end":{"line":48,"column":124}},{"start":{"line":49,"column":18},"end":{"line":49,"column":58}}],"line":47},"11":{"loc":{"start":{"line":48,"column":19},"end":{"line":48,"column":124}},"type":"cond-expr","locations":[{"start":{"line":48,"column":71},"end":{"line":48,"column":85}},{"start":{"line":48,"column":88},"end":{"line":48,"column":124}}],"line":48},"12":{"loc":{"start":{"line":53,"column":26},"end":{"line":53,"column":95}},"type":"cond-expr","locations":[{"start":{"line":53,"column":66},"end":{"line":53,"column":81}},{"start":{"line":53,"column":84},"end":{"line":53,"column":95}}],"line":53},"13":{"loc":{"start":{"line":53,"column":26},"end":{"line":53,"column":63}},"type":"binary-expr","locations":[{"start":{"line":53,"column":26},"end":{"line":53,"column":35}},{"start":{"line":53,"column":39},"end":{"line":53,"column":63}}],"line":53},"14":{"loc":{"start":{"line":55,"column":12},"end":{"line":59,"column":13}},"type":"if","locations":[{"start":{"line":55,"column":12},"end":{"line":59,"column":13}},{"start":{"line":57,"column":19},"end":{"line":59,"column":13}}],"line":55},"15":{"loc":{"start":{"line":63,"column":4},"end":{"line":63,"column":50}},"type":"if","locations":[{"start":{"line":63,"column":4},"end":{"line":63,"column":50}},{"start":{},"end":{}}],"line":63}},"s":{"0":1,"1":5,"2":0,"3":5,"4":5,"5":7,"6":7,"7":4,"8":4,"9":1,"10":3,"11":1,"12":2,"13":4,"14":4,"15":2,"16":2,"17":2,"18":5,"19":5,"20":5,"21":5,"22":3,"23":3,"24":1,"25":1,"26":1,"27":1,"28":1,"29":1,"30":1,"31":2,"32":2,"33":2,"34":1,"35":1,"36":5,"37":5,"38":5,"39":5,"40":5,"41":5,"42":5,"43":5,"44":1},"f":{"0":5,"1":2,"2":5,"3":3},"b":{"0":[2],"1":[0,5],"2":[1,3],"3":[1,2],"4":[3,3],"5":[2,2],"6":[5,0],"7":[1,2],"8":[1,0],"9":[0,1],"10":[0,1],"11":[0,0],"12":[0,2],"13":[2,0],"14":[1,1],"15":[5,0]},"_coverageSchema":"1a1c01bbd47fc00a2c39e90264f33305004495a9","hash":"0cc8090beccb5cef8814594df940f5d9dadc934e"}
,"/home/torsten/projects/ai-testing/sim_engine/utils/config_loader.js": {"path":"/home/torsten/projects/ai-testing/sim_engine/utils/config_loader.js","statementMap":{"0":{"start":{"line":1,"column":11},"end":{"line":1,"column":24}},"1":{"start":{"line":2,"column":13},"end":{"line":2,"column":28}},"2":{"start":{"line":5,"column":19},"end":{"line":5,"column":44}},"3":{"start":{"line":6,"column":4},"end":{"line":13,"column":5}},"4":{"start":{"line":7,"column":8},"end":{"line":12,"column":11}},"5":{"start":{"line":8,"column":12},"end":{"line":11,"column":69}},"6":{"start":{"line":9,"column":16},"end":{"line":10,"column":75}},"7":{"start":{"line":9,"column":40},"end":{"line":9,"column":86}},"8":{"start":{"line":10,"column":23},"end":{"line":10,"column":73}},"9":{"start":{"line":11,"column":21},"end":{"line":11,"column":67}},"10":{"start":{"line":14,"column":4},"end":{"line":14,"column":18}},"11":{"start":{"line":18,"column":21},"end":{"line":18,"column":88}},"12":{"start":{"line":19,"column":4},"end":{"line":21,"column":5}},"13":{"start":{"line":20,"column":8},"end":{"line":20,"column":143}},"14":{"start":{"line":20,"column":14},"end":{"line":20,"column":73}},"15":{"start":{"line":20,"column":88},"end":{"line":20,"column":141}},"16":{"start":{"line":22,"column":26},"end":{"line":22,"column":74}},"17":{"start":{"line":23,"column":4},"end":{"line":23,"column":48}},"18":{"start":{"line":26,"column":0},"end":{"line":26,"column":43}}},"fnMap":{"0":{"name":"deepMerge","decl":{"start":{"line":4,"column":9},"end":{"line":4,"column":18}},"loc":{"start":{"line":4,"column":35},"end":{"line":15,"column":1}},"line":4},"1":{"name":"(anonymous_1)","decl":{"start":{"line":7,"column":36},"end":{"line":7,"column":37}},"loc":{"start":{"line":7,"column":43},"end":{"line":12,"column":9}},"line":7},"2":{"name":"loadConfig","decl":{"start":{"line":17,"column":9},"end":{"line":17,"column":19}},"loc":{"start":{"line":17,"column":43},"end":{"line":24,"column":1}},"line":17}},"branchMap":{"0":{"loc":{"start":{"line":6,"column":4},"end":{"line":13,"column":5}},"type":"if","locations":[{"start":{"line":6,"column":4},"end":{"line":13,"column":5}},{"start":{},"end":{}}],"line":6},"1":{"loc":{"start":{"line":6,"column":8},"end":{"line":6,"column":44}},"type":"binary-expr","locations":[{"start":{"line":6,"column":8},"end":{"line":6,"column":14}},{"start":{"line":6,"column":18},"end":{"line":6,"column":44}}],"line":6},"2":{"loc":{"start":{"line":8,"column":12},"end":{"line":11,"column":69}},"type":"if","locations":[{"start":{"line":8,"column":12},"end":{"line":11,"column":69}},{"start":{"line":11,"column":19},"end":{"line":11,"column":69}}],"line":8},"3":{"loc":{"start":{"line":8,"column":16},"end":{"line":8,"column":93}},"type":"binary-expr","locations":[{"start":{"line":8,"column":16},"end":{"line":8,"column":27}},{"start":{"line":8,"column":31},"end":{"line":8,"column":62}},{"start":{"line":8,"column":66},"end":{"line":8,"column":93}}],"line":8},"4":{"loc":{"start":{"line":9,"column":16},"end":{"line":10,"column":75}},"type":"if","locations":[{"start":{"line":9,"column":16},"end":{"line":10,"column":75}},{"start":{"line":10,"column":21},"end":{"line":10,"column":75}}],"line":9},"5":{"loc":{"start":{"line":19,"column":4},"end":{"line":21,"column":5}},"type":"if","locations":[{"start":{"line":19,"column":4},"end":{"line":21,"column":5}},{"start":{},"end":{}}],"line":19}},"s":{"0":1,"1":1,"2":3,"3":3,"4":3,"5":4,"6":1,"7":0,"8":1,"9":3,"10":3,"11":1,"12":1,"13":1,"14":1,"15":0,"16":1,"17":1,"18":1},"f":{"0":3,"1":4,"2":1},"b":{"0":[3,0],"1":[3,3],"2":[1,3],"3":[4,4,1],"4":[0,1],"5":[1,0]},"_coverageSchema":"1a1c01bbd47fc00a2c39e90264f33305004495a9","hash":"12b9b4d22b45c9e6ac61821d9587c6d8d6ece9b1"}
,"/home/torsten/projects/ai-testing/sim_engine/utils/constants.js": {"path":"/home/torsten/projects/ai-testing/sim_engine/utils/constants.js","statementMap":{"0":{"start":{"line":4,"column":0},"end":{"line":33,"column":2}}},"fnMap":{},"branchMap":{},"s":{"0":1},"f":{},"b":{},"_coverageSchema":"1a1c01bbd47fc00a2c39e90264f33305004495a9","hash":"923e3aa1b89e8d9271f24199b6ce2cae93d51de8"}
,"/home/torsten/projects/ai-testing/sim_engine/utils/environment.js": {"path":"/home/torsten/projects/ai-testing/sim_engine/utils/environment.js","statementMap":{"0":{"start":{"line":1,"column":11},"end":{"line":1,"column":24}},"1":{"start":{"line":2,"column":13},"end":{"line":2,"column":28}},"2":{"start":{"line":3,"column":21},"end":{"line":3,"column":45}},"3":{"start":{"line":6,"column":21},"end":{"line":6,"column":52}},"4":{"start":{"line":7,"column":4},"end":{"line":7,"column":84}},"5":{"start":{"line":7,"column":34},"end":{"line":7,"column":84}},"6":{"start":{"line":9,"column":4},"end":{"line":14,"column":5}},"7":{"start":{"line":10,"column":22},"end":{"line":10,"column":77}},"8":{"start":{"line":10,"column":59},"end":{"line":10,"column":76}},"9":{"start":{"line":11,"column":8},"end":{"line":11,"column":57}},"10":{"start":{"line":13,"column":8},"end":{"line":13,"column":55}},"11":{"start":{"line":18,"column":4},"end":{"line":18,"column":67}},"12":{"start":{"line":18,"column":25},"end":{"line":18,"column":67}},"13":{"start":{"line":19,"column":16},"end":{"line":19,"column":44}},"14":{"start":{"line":20,"column":4},"end":{"line":20,"column":39}},"15":{"start":{"line":20,"column":14},"end":{"line":20,"column":39}},"16":{"start":{"line":22,"column":19},"end":{"line":22,"column":56}},"17":{"start":{"line":23,"column":19},"end":{"line":23,"column":40}},"18":{"start":{"line":26,"column":4},"end":{"line":26,"column":82}},"19":{"start":{"line":26,"column":57},"end":{"line":26,"column":82}},"20":{"start":{"line":28,"column":4},"end":{"line":41,"column":5}},"21":{"start":{"line":29,"column":8},"end":{"line":36,"column":9}},"22":{"start":{"line":30,"column":12},"end":{"line":30,"column":210}},"23":{"start":{"line":31,"column":15},"end":{"line":36,"column":9}},"24":{"start":{"line":33,"column":12},"end":{"line":35,"column":13}},"25":{"start":{"line":34,"column":16},"end":{"line":34,"column":208}},"26":{"start":{"line":37,"column":11},"end":{"line":41,"column":5}},"27":{"start":{"line":38,"column":8},"end":{"line":40,"column":9}},"28":{"start":{"line":39,"column":12},"end":{"line":39,"column":209}},"29":{"start":{"line":42,"column":4},"end":{"line":42,"column":29}},"30":{"start":{"line":46,"column":19},"end":{"line":46,"column":21}},"31":{"start":{"line":48,"column":4},"end":{"line":50,"column":5}},"32":{"start":{"line":49,"column":8},"end":{"line":49,"column":43}},"33":{"start":{"line":52,"column":4},"end":{"line":52,"column":67}},"34":{"start":{"line":52,"column":25},"end":{"line":52,"column":67}},"35":{"start":{"line":53,"column":4},"end":{"line":53,"column":79}},"36":{"start":{"line":53,"column":42},"end":{"line":53,"column":79}},"37":{"start":{"line":55,"column":21},"end":{"line":55,"column":25}},"38":{"start":{"line":56,"column":24},"end":{"line":56,"column":55}},"39":{"start":{"line":57,"column":4},"end":{"line":59,"column":5}},"40":{"start":{"line":58,"column":8},"end":{"line":58,"column":58}},"41":{"start":{"line":62,"column":21},"end":{"line":62,"column":91}},"42":{"start":{"line":64,"column":4},"end":{"line":76,"column":5}},"43":{"start":{"line":65,"column":23},"end":{"line":65,"column":45}},"44":{"start":{"line":66,"column":22},"end":{"line":66,"column":30}},"45":{"start":{"line":67,"column":23},"end":{"line":67,"column":31}},"46":{"start":{"line":69,"column":8},"end":{"line":75,"column":9}},"47":{"start":{"line":70,"column":12},"end":{"line":70,"column":60}},"48":{"start":{"line":71,"column":12},"end":{"line":71,"column":83}},"49":{"start":{"line":72,"column":15},"end":{"line":75,"column":9}},"50":{"start":{"line":73,"column":12},"end":{"line":73,"column":58}},"51":{"start":{"line":74,"column":12},"end":{"line":74,"column":81}},"52":{"start":{"line":79,"column":22},"end":{"line":79,"column":169}},"53":{"start":{"line":80,"column":22},"end":{"line":80,"column":32}},"54":{"start":{"line":82,"column":4},"end":{"line":124,"column":5}},"55":{"start":{"line":83,"column":25},"end":{"line":83,"column":40}},"56":{"start":{"line":84,"column":24},"end":{"line":84,"column":32}},"57":{"start":{"line":85,"column":25},"end":{"line":85,"column":33}},"58":{"start":{"line":86,"column":22},"end":{"line":86,"column":37}},"59":{"start":{"line":88,"column":8},"end":{"line":88,"column":96}},"60":{"start":{"line":90,"column":8},"end":{"line":93,"column":9}},"61":{"start":{"line":91,"column":12},"end":{"line":91,"column":61}},"62":{"start":{"line":92,"column":12},"end":{"line":92,"column":52}},"63":{"start":{"line":94,"column":8},"end":{"line":94,"column":89}},"64":{"start":{"line":94,"column":50},"end":{"line":94,"column":76}},"65":{"start":{"line":96,"column":25},"end":{"line":96,"column":60}},"66":{"start":{"line":97,"column":8},"end":{"line":97,"column":70}},"67":{"start":{"line":97,"column":61},"end":{"line":97,"column":70}},"68":{"start":{"line":99,"column":8},"end":{"line":102,"column":9}},"69":{"start":{"line":100,"column":12},"end":{"line":100,"column":174}},"70":{"start":{"line":101,"column":12},"end":{"line":101,"column":21}},"71":{"start":{"line":104,"column":23},"end":{"line":104,"column":69}},"72":{"start":{"line":105,"column":8},"end":{"line":108,"column":9}},"73":{"start":{"line":106,"column":12},"end":{"line":106,"column":45}},"74":{"start":{"line":107,"column":12},"end":{"line":107,"column":21}},"75":{"start":{"line":110,"column":8},"end":{"line":123,"column":22}},"76":{"start":{"line":111,"column":12},"end":{"line":111,"column":70}},"77":{"start":{"line":112,"column":12},"end":{"line":112,"column":48}},"78":{"start":{"line":115,"column":12},"end":{"line":120,"column":13}},"79":{"start":{"line":116,"column":33},"end":{"line":116,"column":83}},"80":{"start":{"line":117,"column":16},"end":{"line":117,"column":57}},"81":{"start":{"line":117,"column":29},"end":{"line":117,"column":57}},"82":{"start":{"line":118,"column":16},"end":{"line":118,"column":60}},"83":{"start":{"line":118,"column":30},"end":{"line":118,"column":60}},"84":{"start":{"line":119,"column":16},"end":{"line":119,"column":56}},"85":{"start":{"line":122,"column":12},"end":{"line":122,"column":65}},"86":{"start":{"line":127,"column":22},"end":{"line":127,"column":58}},"87":{"start":{"line":128,"column":4},"end":{"line":153,"column":5}},"88":{"start":{"line":129,"column":25},"end":{"line":129,"column":40}},"89":{"start":{"line":130,"column":25},"end":{"line":130,"column":60}},"90":{"start":{"line":131,"column":8},"end":{"line":131,"column":70}},"91":{"start":{"line":131,"column":61},"end":{"line":131,"column":70}},"92":{"start":{"line":133,"column":8},"end":{"line":136,"column":9}},"93":{"start":{"line":134,"column":12},"end":{"line":134,"column":98}},"94":{"start":{"line":135,"column":12},"end":{"line":135,"column":21}},"95":{"start":{"line":138,"column":23},"end":{"line":138,"column":68}},"96":{"start":{"line":139,"column":8},"end":{"line":142,"column":9}},"97":{"start":{"line":140,"column":12},"end":{"line":140,"column":45}},"98":{"start":{"line":141,"column":12},"end":{"line":141,"column":21}},"99":{"start":{"line":144,"column":8},"end":{"line":151,"column":9}},"100":{"start":{"line":145,"column":28},"end":{"line":145,"column":61}},"101":{"start":{"line":147,"column":32},"end":{"line":147,"column":83}},"102":{"start":{"line":148,"column":12},"end":{"line":148,"column":74}},"103":{"start":{"line":150,"column":12},"end":{"line":150,"column":74}},"104":{"start":{"line":152,"column":8},"end":{"line":152,"column":56}},"105":{"start":{"line":156,"column":21},"end":{"line":156,"column":59}},"106":{"start":{"line":157,"column":4},"end":{"line":181,"column":5}},"107":{"start":{"line":158,"column":25},"end":{"line":158,"column":40}},"108":{"start":{"line":159,"column":25},"end":{"line":159,"column":60}},"109":{"start":{"line":160,"column":8},"end":{"line":160,"column":70}},"110":{"start":{"line":160,"column":61},"end":{"line":160,"column":70}},"111":{"start":{"line":162,"column":8},"end":{"line":165,"column":9}},"112":{"start":{"line":163,"column":12},"end":{"line":163,"column":115}},"113":{"start":{"line":164,"column":12},"end":{"line":164,"column":21}},"114":{"start":{"line":167,"column":23},"end":{"line":167,"column":70}},"115":{"start":{"line":168,"column":8},"end":{"line":171,"column":9}},"116":{"start":{"line":169,"column":12},"end":{"line":169,"column":45}},"117":{"start":{"line":170,"column":12},"end":{"line":170,"column":21}},"118":{"start":{"line":173,"column":8},"end":{"line":179,"column":9}},"119":{"start":{"line":174,"column":12},"end":{"line":174,"column":36}},"120":{"start":{"line":175,"column":12},"end":{"line":175,"column":48}},"121":{"start":{"line":176,"column":12},"end":{"line":176,"column":62}},"122":{"start":{"line":178,"column":12},"end":{"line":178,"column":74}},"123":{"start":{"line":180,"column":8},"end":{"line":180,"column":56}},"124":{"start":{"line":184,"column":21},"end":{"line":184,"column":40}},"125":{"start":{"line":185,"column":4},"end":{"line":213,"column":5}},"126":{"start":{"line":186,"column":18},"end":{"line":186,"column":55}},"127":{"start":{"line":188,"column":8},"end":{"line":188,"column":73}},"128":{"start":{"line":188,"column":64},"end":{"line":188,"column":73}},"129":{"start":{"line":191,"column":8},"end":{"line":199,"column":9}},"130":{"start":{"line":192,"column":26},"end":{"line":192,"column":40}},"131":{"start":{"line":193,"column":31},"end":{"line":193,"column":62}},"132":{"start":{"line":194,"column":27},"end":{"line":194,"column":75}},"133":{"start":{"line":195,"column":12},"end":{"line":198,"column":13}},"134":{"start":{"line":196,"column":16},"end":{"line":196,"column":73}},"135":{"start":{"line":197,"column":16},"end":{"line":197,"column":25}},"136":{"start":{"line":201,"column":8},"end":{"line":212,"column":9}},"137":{"start":{"line":202,"column":24},"end":{"line":207,"column":25}},"138":{"start":{"line":208,"column":12},"end":{"line":208,"column":67}},"139":{"start":{"line":210,"column":24},"end":{"line":210,"column":66}},"140":{"start":{"line":211,"column":12},"end":{"line":211,"column":73}},"141":{"start":{"line":214,"column":4},"end":{"line":214,"column":20}},"142":{"start":{"line":217,"column":0},"end":{"line":217,"column":49}}},"fnMap":{"0":{"name":"getEnvState","decl":{"start":{"line":5,"column":9},"end":{"line":5,"column":20}},"loc":{"start":{"line":5,"column":34},"end":{"line":15,"column":1}},"line":5},"1":{"name":"(anonymous_1)","decl":{"start":{"line":10,"column":54},"end":{"line":10,"column":55}},"loc":{"start":{"line":10,"column":59},"end":{"line":10,"column":76}},"line":10},"2":{"name":"checkAccess","decl":{"start":{"line":17,"column":9},"end":{"line":17,"column":20}},"loc":{"start":{"line":17,"column":55},"end":{"line":43,"column":1}},"line":17},"3":{"name":"processActions","decl":{"start":{"line":45,"column":9},"end":{"line":45,"column":23}},"loc":{"start":{"line":45,"column":59},"end":{"line":215,"column":1}},"line":45},"4":{"name":"(anonymous_4)","decl":{"start":{"line":94,"column":42},"end":{"line":94,"column":43}},"loc":{"start":{"line":94,"column":50},"end":{"line":94,"column":76}},"line":94}},"branchMap":{"0":{"loc":{"start":{"line":7,"column":4},"end":{"line":7,"column":84}},"type":"if","locations":[{"start":{"line":7,"column":4},"end":{"line":7,"column":84}},{"start":{},"end":{}}],"line":7},"1":{"loc":{"start":{"line":18,"column":4},"end":{"line":18,"column":67}},"type":"if","locations":[{"start":{"line":18,"column":4},"end":{"line":18,"column":67}},{"start":{},"end":{}}],"line":18},"2":{"loc":{"start":{"line":20,"column":4},"end":{"line":20,"column":39}},"type":"if","locations":[{"start":{"line":20,"column":4},"end":{"line":20,"column":39}},{"start":{},"end":{}}],"line":20},"3":{"loc":{"start":{"line":22,"column":19},"end":{"line":22,"column":56}},"type":"binary-expr","locations":[{"start":{"line":22,"column":19},"end":{"line":22,"column":50}},{"start":{"line":22,"column":54},"end":{"line":22,"column":56}}],"line":22},"4":{"loc":{"start":{"line":26,"column":4},"end":{"line":26,"column":82}},"type":"if","locations":[{"start":{"line":26,"column":4},"end":{"line":26,"column":82}},{"start":{},"end":{}}],"line":26},"5":{"loc":{"start":{"line":26,"column":8},"end":{"line":26,"column":55}},"type":"binary-expr","locations":[{"start":{"line":26,"column":8},"end":{"line":26,"column":21}},{"start":{"line":26,"column":25},"end":{"line":26,"column":55}}],"line":26},"6":{"loc":{"start":{"line":28,"column":4},"end":{"line":41,"column":5}},"type":"if","locations":[{"start":{"line":28,"column":4},"end":{"line":41,"column":5}},{"start":{"line":37,"column":11},"end":{"line":41,"column":5}}],"line":28},"7":{"loc":{"start":{"line":28,"column":8},"end":{"line":28,"column":73}},"type":"binary-expr","locations":[{"start":{"line":28,"column":8},"end":{"line":28,"column":26}},{"start":{"line":28,"column":30},"end":{"line":28,"column":50}},{"start":{"line":28,"column":54},"end":{"line":28,"column":73}}],"line":28},"8":{"loc":{"start":{"line":29,"column":8},"end":{"line":36,"column":9}},"type":"if","locations":[{"start":{"line":29,"column":8},"end":{"line":36,"column":9}},{"start":{"line":31,"column":15},"end":{"line":36,"column":9}}],"line":29},"9":{"loc":{"start":{"line":31,"column":15},"end":{"line":36,"column":9}},"type":"if","locations":[{"start":{"line":31,"column":15},"end":{"line":36,"column":9}},{"start":{},"end":{}}],"line":31},"10":{"loc":{"start":{"line":33,"column":12},"end":{"line":35,"column":13}},"type":"if","locations":[{"start":{"line":33,"column":12},"end":{"line":35,"column":13}},{"start":{},"end":{}}],"line":33},"11":{"loc":{"start":{"line":37,"column":11},"end":{"line":41,"column":5}},"type":"if","locations":[{"start":{"line":37,"column":11},"end":{"line":41,"column":5}},{"start":{},"end":{}}],"line":37},"12":{"loc":{"start":{"line":37,"column":15},"end":{"line":37,"column":52}},"type":"binary-expr","locations":[{"start":{"line":37,"column":15},"end":{"line":37,"column":32}},{"start":{"line":37,"column":36},"end":{"line":37,"column":52}}],"line":37},"13":{"loc":{"start":{"line":38,"column":8},"end":{"line":40,"column":9}},"type":"if","locations":[{"start":{"line":38,"column":8},"end":{"line":40,"column":9}},{"start":{},"end":{}}],"line":38},"14":{"loc":{"start":{"line":38,"column":12},"end":{"line":38,"column":58}},"type":"binary-expr","locations":[{"start":{"line":38,"column":12},"end":{"line":38,"column":24}},{"start":{"line":38,"column":28},"end":{"line":38,"column":58}}],"line":38},"15":{"loc":{"start":{"line":48,"column":4},"end":{"line":50,"column":5}},"type":"if","locations":[{"start":{"line":48,"column":4},"end":{"line":50,"column":5}},{"start":{},"end":{}}],"line":48},"16":{"loc":{"start":{"line":49,"column":15},"end":{"line":49,"column":42}},"type":"cond-expr","locations":[{"start":{"line":49,"column":22},"end":{"line":49,"column":37}},{"start":{"line":49,"column":40},"end":{"line":49,"column":42}}],"line":49},"17":{"loc":{"start":{"line":52,"column":4},"end":{"line":52,"column":67}},"type":"if","locations":[{"start":{"line":52,"column":4},"end":{"line":52,"column":67}},{"start":{},"end":{}}],"line":52},"18":{"loc":{"start":{"line":53,"column":4},"end":{"line":53,"column":79}},"type":"if","locations":[{"start":{"line":53,"column":4},"end":{"line":53,"column":79}},{"start":{},"end":{}}],"line":53},"19":{"loc":{"start":{"line":57,"column":4},"end":{"line":59,"column":5}},"type":"if","locations":[{"start":{"line":57,"column":4},"end":{"line":59,"column":5}},{"start":{},"end":{}}],"line":57},"20":{"loc":{"start":{"line":69,"column":8},"end":{"line":75,"column":9}},"type":"if","locations":[{"start":{"line":69,"column":8},"end":{"line":75,"column":9}},{"start":{"line":72,"column":15},"end":{"line":75,"column":9}}],"line":69},"21":{"loc":{"start":{"line":69,"column":12},"end":{"line":69,"column":38}},"type":"binary-expr","locations":[{"start":{"line":69,"column":12},"end":{"line":69,"column":28}},{"start":{"line":69,"column":32},"end":{"line":69,"column":38}}],"line":69},"22":{"loc":{"start":{"line":72,"column":15},"end":{"line":75,"column":9}},"type":"if","locations":[{"start":{"line":72,"column":15},"end":{"line":75,"column":9}},{"start":{},"end":{}}],"line":72},"23":{"loc":{"start":{"line":90,"column":8},"end":{"line":93,"column":9}},"type":"if","locations":[{"start":{"line":90,"column":8},"end":{"line":93,"column":9}},{"start":{},"end":{}}],"line":90},"24":{"loc":{"start":{"line":97,"column":8},"end":{"line":97,"column":70}},"type":"if","locations":[{"start":{"line":97,"column":8},"end":{"line":97,"column":70}},{"start":{},"end":{}}],"line":97},"25":{"loc":{"start":{"line":99,"column":8},"end":{"line":102,"column":9}},"type":"if","locations":[{"start":{"line":99,"column":8},"end":{"line":102,"column":9}},{"start":{},"end":{}}],"line":99},"26":{"loc":{"start":{"line":105,"column":8},"end":{"line":108,"column":9}},"type":"if","locations":[{"start":{"line":105,"column":8},"end":{"line":108,"column":9}},{"start":{},"end":{}}],"line":105},"27":{"loc":{"start":{"line":115,"column":12},"end":{"line":120,"column":13}},"type":"if","locations":[{"start":{"line":115,"column":12},"end":{"line":120,"column":13}},{"start":{},"end":{}}],"line":115},"28":{"loc":{"start":{"line":115,"column":16},"end":{"line":115,"column":68}},"type":"binary-expr","locations":[{"start":{"line":115,"column":16},"end":{"line":115,"column":23}},{"start":{"line":115,"column":27},"end":{"line":115,"column":35}},{"start":{"line":115,"column":39},"end":{"line":115,"column":68}}],"line":115},"29":{"loc":{"start":{"line":116,"column":33},"end":{"line":116,"column":83}},"type":"binary-expr","locations":[{"start":{"line":116,"column":33},"end":{"line":116,"column":61}},{"start":{"line":116,"column":65},"end":{"line":116,"column":83}}],"line":116},"30":{"loc":{"start":{"line":117,"column":16},"end":{"line":117,"column":57}},"type":"if","locations":[{"start":{"line":117,"column":16},"end":{"line":117,"column":57}},{"start":{},"end":{}}],"line":117},"31":{"loc":{"start":{"line":118,"column":16},"end":{"line":118,"column":60}},"type":"if","locations":[{"start":{"line":118,"column":16},"end":{"line":118,"column":60}},{"start":{},"end":{}}],"line":118},"32":{"loc":{"start":{"line":131,"column":8},"end":{"line":131,"column":70}},"type":"if","locations":[{"start":{"line":131,"column":8},"end":{"line":131,"column":70}},{"start":{},"end":{}}],"line":131},"33":{"loc":{"start":{"line":133,"column":8},"end":{"line":136,"column":9}},"type":"if","locations":[{"start":{"line":133,"column":8},"end":{"line":136,"column":9}},{"start":{},"end":{}}],"line":133},"34":{"loc":{"start":{"line":139,"column":8},"end":{"line":142,"column":9}},"type":"if","locations":[{"start":{"line":139,"column":8},"end":{"line":142,"column":9}},{"start":{},"end":{}}],"line":139},"35":{"loc":{"start":{"line":144,"column":8},"end":{"line":151,"column":9}},"type":"if","locations":[{"start":{"line":144,"column":8},"end":{"line":151,"column":9}},{"start":{"line":149,"column":15},"end":{"line":151,"column":9}}],"line":144},"36":{"loc":{"start":{"line":160,"column":8},"end":{"line":160,"column":70}},"type":"if","locations":[{"start":{"line":160,"column":8},"end":{"line":160,"column":70}},{"start":{},"end":{}}],"line":160},"37":{"loc":{"start":{"line":162,"column":8},"end":{"line":165,"column":9}},"type":"if","locations":[{"start":{"line":162,"column":8},"end":{"line":165,"column":9}},{"start":{},"end":{}}],"line":162},"38":{"loc":{"start":{"line":168,"column":8},"end":{"line":171,"column":9}},"type":"if","locations":[{"start":{"line":168,"column":8},"end":{"line":171,"column":9}},{"start":{},"end":{}}],"line":168},"39":{"loc":{"start":{"line":173,"column":8},"end":{"line":179,"column":9}},"type":"if","locations":[{"start":{"line":173,"column":8},"end":{"line":179,"column":9}},{"start":{"line":177,"column":15},"end":{"line":179,"column":9}}],"line":173},"40":{"loc":{"start":{"line":188,"column":8},"end":{"line":188,"column":73}},"type":"if","locations":[{"start":{"line":188,"column":8},"end":{"line":188,"column":73}},{"start":{},"end":{}}],"line":188},"41":{"loc":{"start":{"line":188,"column":12},"end":{"line":188,"column":62}},"type":"binary-expr","locations":[{"start":{"line":188,"column":12},"end":{"line":188,"column":25}},{"start":{"line":188,"column":29},"end":{"line":188,"column":39}},{"start":{"line":188,"column":43},"end":{"line":188,"column":62}}],"line":188},"42":{"loc":{"start":{"line":191,"column":8},"end":{"line":199,"column":9}},"type":"if","locations":[{"start":{"line":191,"column":8},"end":{"line":199,"column":9}},{"start":{},"end":{}}],"line":191},"43":{"loc":{"start":{"line":191,"column":12},"end":{"line":191,"column":91}},"type":"binary-expr","locations":[{"start":{"line":191,"column":12},"end":{"line":191,"column":46}},{"start":{"line":191,"column":50},"end":{"line":191,"column":91}}],"line":191},"44":{"loc":{"start":{"line":195,"column":12},"end":{"line":198,"column":13}},"type":"if","locations":[{"start":{"line":195,"column":12},"end":{"line":198,"column":13}},{"start":{},"end":{}}],"line":195},"45":{"loc":{"start":{"line":208,"column":50},"end":{"line":208,"column":61}},"type":"binary-expr","locations":[{"start":{"line":208,"column":50},"end":{"line":208,"column":53}},{"start":{"line":208,"column":57},"end":{"line":208,"column":61}}],"line":208},"46":{"loc":{"start":{"line":210,"column":24},"end":{"line":210,"column":66}},"type":"cond-expr","locations":[{"start":{"line":210,"column":35},"end":{"line":210,"column":54}},{"start":{"line":210,"column":57},"end":{"line":210,"column":66}}],"line":210}},"s":{"0":1,"1":1,"2":1,"3":2,"4":2,"5":1,"6":1,"7":1,"8":2,"9":1,"10":0,"11":5,"12":0,"13":5,"14":5,"15":4,"16":1,"17":1,"18":1,"19":0,"20":1,"21":0,"22":0,"23":0,"24":0,"25":0,"26":1,"27":1,"28":1,"29":0,"30":11,"31":11,"32":0,"33":11,"34":0,"35":11,"36":2,"37":11,"38":11,"39":11,"40":0,"41":11,"42":11,"43":1,"44":1,"45":1,"46":1,"47":1,"48":1,"49":0,"50":0,"51":0,"52":11,"53":11,"54":11,"55":3,"56":3,"57":3,"58":3,"59":3,"60":3,"61":0,"62":0,"63":3,"64":3,"65":3,"66":3,"67":0,"68":3,"69":1,"70":1,"71":2,"72":2,"73":0,"74":0,"75":2,"76":2,"77":2,"78":2,"79":2,"80":2,"81":0,"82":2,"83":0,"84":2,"85":2,"86":11,"87":11,"88":3,"89":3,"90":3,"91":0,"92":3,"93":1,"94":1,"95":2,"96":2,"97":1,"98":1,"99":1,"100":1,"101":1,"102":1,"103":0,"104":1,"105":11,"106":11,"107":2,"108":2,"109":2,"110":0,"111":2,"112":1,"113":1,"114":1,"115":1,"116":0,"117":0,"118":1,"119":1,"120":1,"121":1,"122":0,"123":1,"124":11,"125":11,"126":2,"127":2,"128":0,"129":2,"130":0,"131":0,"132":0,"133":0,"134":0,"135":0,"136":2,"137":2,"138":1,"139":1,"140":1,"141":11,"142":1},"f":{"0":2,"1":2,"2":5,"3":11,"4":3},"b":{"0":[1,1],"1":[0,5],"2":[4,1],"3":[1,0],"4":[0,1],"5":[1,0],"6":[0,1],"7":[1,1,1],"8":[0,0],"9":[0,0],"10":[0,0],"11":[1,0],"12":[1,0],"13":[1,0],"14":[1,1],"15":[0,11],"16":[0,0],"17":[0,11],"18":[2,9],"19":[0,11],"20":[1,0],"21":[1,1],"22":[0,0],"23":[0,3],"24":[0,3],"25":[1,2],"26":[0,2],"27":[2,0],"28":[2,2,2],"29":[2,2],"30":[0,2],"31":[0,2],"32":[0,3],"33":[1,2],"34":[1,1],"35":[1,0],"36":[0,2],"37":[1,1],"38":[0,1],"39":[1,0],"40":[0,2],"41":[2,2,2],"42":[0,2],"43":[2,2],"44":[0,0],"45":[1,0],"46":[1,0]},"_coverageSchema":"1a1c01bbd47fc00a2c39e90264f33305004495a9","hash":"d44c6ac9be319f879b8934ba09db1a67bf8fe9cb"}
,"/home/torsten/projects/ai-testing/sim_engine/utils/logger.js": {"path":"/home/torsten/projects/ai-testing/sim_engine/utils/logger.js","statementMap":{"0":{"start":{"line":1,"column":11},"end":{"line":1,"column":24}},"1":{"start":{"line":4,"column":24},"end":{"line":4,"column":116}},"2":{"start":{"line":7,"column":24},"end":{"line":7,"column":130}},"3":{"start":{"line":9,"column":29},"end":{"line":9,"column":63}},"4":{"start":{"line":11,"column":25},"end":{"line":11,"column":54}},"5":{"start":{"line":12,"column":19},"end":{"line":12,"column":243}},"6":{"start":{"line":13,"column":4},"end":{"line":13,"column":38}},"7":{"start":{"line":17,"column":25},"end":{"line":17,"column":54}},"8":{"start":{"line":18,"column":22},"end":{"line":18,"column":81}},"9":{"start":{"line":19,"column":18},"end":{"line":19,"column":117}},"10":{"start":{"line":21,"column":23},"end":{"line":21,"column":25}},"11":{"start":{"line":22,"column":4},"end":{"line":24,"column":5}},"12":{"start":{"line":23,"column":8},"end":{"line":23,"column":75}},"13":{"start":{"line":26,"column":24},"end":{"line":26,"column":105}},"14":{"start":{"line":27,"column":24},"end":{"line":27,"column":90}},"15":{"start":{"line":29,"column":20},"end":{"line":29,"column":193}},"16":{"start":{"line":30,"column":4},"end":{"line":30,"column":40}},"17":{"start":{"line":34,"column":19},"end":{"line":34,"column":28}},"18":{"start":{"line":35,"column":4},"end":{"line":35,"column":63}},"19":{"start":{"line":36,"column":4},"end":{"line":36,"column":74}},"20":{"start":{"line":38,"column":25},"end":{"line":38,"column":41}},"21":{"start":{"line":39,"column":4},"end":{"line":45,"column":5}},"22":{"start":{"line":41,"column":8},"end":{"line":41,"column":61}},"23":{"start":{"line":42,"column":8},"end":{"line":44,"column":9}},"24":{"start":{"line":43,"column":12},"end":{"line":43,"column":97}},"25":{"start":{"line":47,"column":4},"end":{"line":47,"column":101}},"26":{"start":{"line":48,"column":4},"end":{"line":48,"column":26}},"27":{"start":{"line":50,"column":4},"end":{"line":50,"column":41}},"28":{"start":{"line":54,"column":19},"end":{"line":54,"column":142}},"29":{"start":{"line":55,"column":4},"end":{"line":55,"column":41}},"30":{"start":{"line":58,"column":0},"end":{"line":58,"column":80}}},"fnMap":{"0":{"name":"writeLogHeader","decl":{"start":{"line":3,"column":9},"end":{"line":3,"column":23}},"loc":{"start":{"line":3,"column":60},"end":{"line":14,"column":1}},"line":3},"1":{"name":"appendTurnLog","decl":{"start":{"line":16,"column":9},"end":{"line":16,"column":22}},"loc":{"start":{"line":16,"column":139},"end":{"line":31,"column":1}},"line":16},"2":{"name":"appendBirthLog","decl":{"start":{"line":33,"column":9},"end":{"line":33,"column":23}},"loc":{"start":{"line":33,"column":77},"end":{"line":51,"column":1}},"line":33},"3":{"name":"writeReport","decl":{"start":{"line":53,"column":9},"end":{"line":53,"column":20}},"loc":{"start":{"line":53,"column":40},"end":{"line":56,"column":1}},"line":53}},"branchMap":{"0":{"loc":{"start":{"line":3,"column":41},"end":{"line":3,"column":58}},"type":"default-arg","locations":[{"start":{"line":3,"column":53},"end":{"line":3,"column":58}}],"line":3},"1":{"loc":{"start":{"line":4,"column":24},"end":{"line":4,"column":116}},"type":"cond-expr","locations":[{"start":{"line":4,"column":79},"end":{"line":4,"column":111}},{"start":{"line":4,"column":114},"end":{"line":4,"column":116}}],"line":4},"2":{"loc":{"start":{"line":7,"column":24},"end":{"line":7,"column":130}},"type":"cond-expr","locations":[{"start":{"line":7,"column":61},"end":{"line":7,"column":124}},{"start":{"line":7,"column":128},"end":{"line":7,"column":130}}],"line":7},"3":{"loc":{"start":{"line":7,"column":24},"end":{"line":7,"column":57}},"type":"binary-expr","locations":[{"start":{"line":7,"column":24},"end":{"line":7,"column":37}},{"start":{"line":7,"column":41},"end":{"line":7,"column":57}}],"line":7},"4":{"loc":{"start":{"line":7,"column":61},"end":{"line":7,"column":124}},"type":"binary-expr","locations":[{"start":{"line":7,"column":61},"end":{"line":7,"column":91}},{"start":{"line":7,"column":95},"end":{"line":7,"column":118}},{"start":{"line":7,"column":122},"end":{"line":7,"column":124}}],"line":7},"5":{"loc":{"start":{"line":11,"column":25},"end":{"line":11,"column":54}},"type":"cond-expr","locations":[{"start":{"line":11,"column":37},"end":{"line":11,"column":49}},{"start":{"line":11,"column":52},"end":{"line":11,"column":54}}],"line":11},"6":{"loc":{"start":{"line":12,"column":66},"end":{"line":12,"column":91}},"type":"binary-expr","locations":[{"start":{"line":12,"column":66},"end":{"line":12,"column":78}},{"start":{"line":12,"column":82},"end":{"line":12,"column":91}}],"line":12},"7":{"loc":{"start":{"line":12,"column":116},"end":{"line":12,"column":150}},"type":"binary-expr","locations":[{"start":{"line":12,"column":116},"end":{"line":12,"column":144}},{"start":{"line":12,"column":148},"end":{"line":12,"column":150}}],"line":12},"8":{"loc":{"start":{"line":16,"column":100},"end":{"line":16,"column":117}},"type":"default-arg","locations":[{"start":{"line":16,"column":112},"end":{"line":16,"column":117}}],"line":16},"9":{"loc":{"start":{"line":16,"column":119},"end":{"line":16,"column":137}},"type":"default-arg","locations":[{"start":{"line":16,"column":135},"end":{"line":16,"column":137}}],"line":16},"10":{"loc":{"start":{"line":17,"column":25},"end":{"line":17,"column":54}},"type":"cond-expr","locations":[{"start":{"line":17,"column":37},"end":{"line":17,"column":49}},{"start":{"line":17,"column":52},"end":{"line":17,"column":54}}],"line":17},"11":{"loc":{"start":{"line":22,"column":4},"end":{"line":24,"column":5}},"type":"if","locations":[{"start":{"line":22,"column":4},"end":{"line":24,"column":5}},{"start":{},"end":{}}],"line":22},"12":{"loc":{"start":{"line":22,"column":8},"end":{"line":22,"column":52}},"type":"binary-expr","locations":[{"start":{"line":22,"column":8},"end":{"line":22,"column":21}},{"start":{"line":22,"column":25},"end":{"line":22,"column":52}}],"line":22},"13":{"loc":{"start":{"line":26,"column":24},"end":{"line":26,"column":105}},"type":"cond-expr","locations":[{"start":{"line":26,"column":60},"end":{"line":26,"column":73}},{"start":{"line":26,"column":76},"end":{"line":26,"column":105}}],"line":26},"14":{"loc":{"start":{"line":27,"column":24},"end":{"line":27,"column":90}},"type":"cond-expr","locations":[{"start":{"line":27,"column":55},"end":{"line":27,"column":63}},{"start":{"line":27,"column":66},"end":{"line":27,"column":90}}],"line":27},"15":{"loc":{"start":{"line":29,"column":146},"end":{"line":29,"column":181}},"type":"binary-expr","locations":[{"start":{"line":29,"column":146},"end":{"line":29,"column":157}},{"start":{"line":29,"column":161},"end":{"line":29,"column":181}}],"line":29},"16":{"loc":{"start":{"line":36,"column":46},"end":{"line":36,"column":67}},"type":"binary-expr","locations":[{"start":{"line":36,"column":46},"end":{"line":36,"column":54}},{"start":{"line":36,"column":58},"end":{"line":36,"column":67}}],"line":36},"17":{"loc":{"start":{"line":39,"column":4},"end":{"line":45,"column":5}},"type":"if","locations":[{"start":{"line":39,"column":4},"end":{"line":45,"column":5}},{"start":{},"end":{}}],"line":39},"18":{"loc":{"start":{"line":42,"column":8},"end":{"line":44,"column":9}},"type":"if","locations":[{"start":{"line":42,"column":8},"end":{"line":44,"column":9}},{"start":{},"end":{}}],"line":42}},"s":{"0":1,"1":1,"2":1,"3":1,"4":1,"5":1,"6":1,"7":1,"8":1,"9":1,"10":1,"11":1,"12":1,"13":1,"14":1,"15":1,"16":1,"17":0,"18":0,"19":0,"20":0,"21":0,"22":0,"23":0,"24":0,"25":0,"26":0,"27":0,"28":0,"29":0,"30":1},"f":{"0":1,"1":1,"2":0,"3":0},"b":{"0":[0],"1":[1,0],"2":[0,1],"3":[1,0],"4":[0,0,0],"5":[0,1],"6":[1,0],"7":[1,0],"8":[0],"9":[0],"10":[0,1],"11":[1,0],"12":[1,1],"13":[1,0],"14":[1,0],"15":[1,0],"16":[0,0],"17":[0,0],"18":[0,0]},"_coverageSchema":"1a1c01bbd47fc00a2c39e90264f33305004495a9","hash":"b4e2f822772232345870424dd2a31e974079ed11"}
,"/home/torsten/projects/ai-testing/sim_engine/utils/logic_helpers.js": {"path":"/home/torsten/projects/ai-testing/sim_engine/utils/logic_helpers.js","statementMap":{"0":{"start":{"line":1,"column":17},"end":{"line":1,"column":39}},"1":{"start":{"line":8,"column":4},"end":{"line":8,"column":25}},"2":{"start":{"line":8,"column":15},"end":{"line":8,"column":25}},"3":{"start":{"line":9,"column":13},"end":{"line":9,"column":17}},"4":{"start":{"line":12,"column":4},"end":{"line":17,"column":7}},"5":{"start":{"line":14,"column":27},"end":{"line":14,"column":69}},"6":{"start":{"line":15,"column":22},"end":{"line":15,"column":82}},"7":{"start":{"line":16,"column":8},"end":{"line":16,"column":35}},"8":{"start":{"line":20,"column":23},"end":{"line":20,"column":89}},"9":{"start":{"line":21,"column":4},"end":{"line":21,"column":36}},"10":{"start":{"line":23,"column":4},"end":{"line":23,"column":14}},"11":{"start":{"line":27,"column":16},"end":{"line":27,"column":17}},"12":{"start":{"line":28,"column":4},"end":{"line":39,"column":7}},"13":{"start":{"line":29,"column":21},"end":{"line":29,"column":72}},"14":{"start":{"line":30,"column":8},"end":{"line":38,"column":9}},"15":{"start":{"line":31,"column":12},"end":{"line":31,"column":20}},"16":{"start":{"line":34,"column":28},"end":{"line":34,"column":90}},"17":{"start":{"line":35,"column":12},"end":{"line":35,"column":49}},"18":{"start":{"line":35,"column":25},"end":{"line":35,"column":49}},"19":{"start":{"line":37,"column":12},"end":{"line":37,"column":55}},"20":{"start":{"line":37,"column":47},"end":{"line":37,"column":55}},"21":{"start":{"line":40,"column":4},"end":{"line":40,"column":17}},"22":{"start":{"line":43,"column":0},"end":{"line":43,"column":54}}},"fnMap":{"0":{"name":"cleanSystemTags","decl":{"start":{"line":7,"column":9},"end":{"line":7,"column":24}},"loc":{"start":{"line":7,"column":31},"end":{"line":24,"column":1}},"line":7},"1":{"name":"(anonymous_1)","decl":{"start":{"line":12,"column":32},"end":{"line":12,"column":33}},"loc":{"start":{"line":12,"column":39},"end":{"line":17,"column":5}},"line":12},"2":{"name":"countTotalTurns","decl":{"start":{"line":26,"column":9},"end":{"line":26,"column":24}},"loc":{"start":{"line":26,"column":34},"end":{"line":41,"column":1}},"line":26},"3":{"name":"(anonymous_3)","decl":{"start":{"line":28,"column":20},"end":{"line":28,"column":21}},"loc":{"start":{"line":28,"column":28},"end":{"line":39,"column":5}},"line":28}},"branchMap":{"0":{"loc":{"start":{"line":8,"column":4},"end":{"line":8,"column":25}},"type":"if","locations":[{"start":{"line":8,"column":4},"end":{"line":8,"column":25}},{"start":{},"end":{}}],"line":8},"1":{"loc":{"start":{"line":29,"column":21},"end":{"line":29,"column":72}},"type":"cond-expr","locations":[{"start":{"line":29,"column":34},"end":{"line":29,"column":52}},{"start":{"line":29,"column":56},"end":{"line":29,"column":71}}],"line":29},"2":{"loc":{"start":{"line":29,"column":56},"end":{"line":29,"column":71}},"type":"binary-expr","locations":[{"start":{"line":29,"column":56},"end":{"line":29,"column":65}},{"start":{"line":29,"column":69},"end":{"line":29,"column":71}}],"line":29},"3":{"loc":{"start":{"line":30,"column":8},"end":{"line":38,"column":9}},"type":"if","locations":[{"start":{"line":30,"column":8},"end":{"line":38,"column":9}},{"start":{"line":32,"column":15},"end":{"line":38,"column":9}}],"line":30},"4":{"loc":{"start":{"line":35,"column":12},"end":{"line":35,"column":49}},"type":"if","locations":[{"start":{"line":35,"column":12},"end":{"line":35,"column":49}},{"start":{},"end":{}}],"line":35},"5":{"loc":{"start":{"line":37,"column":12},"end":{"line":37,"column":55}},"type":"if","locations":[{"start":{"line":37,"column":12},"end":{"line":37,"column":55}},{"start":{},"end":{}}],"line":37}},"s":{"0":1,"1":24,"2":2,"3":22,"4":22,"5":220,"6":220,"7":220,"8":22,"9":22,"10":22,"11":4,"12":4,"13":5,"14":5,"15":2,"16":3,"17":3,"18":2,"19":3,"20":2,"21":4,"22":1},"f":{"0":24,"1":220,"2":4,"3":5},"b":{"0":[2,22],"1":[5,0],"2":[0,0],"3":[2,3],"4":[2,1],"5":[2,1]},"_coverageSchema":"1a1c01bbd47fc00a2c39e90264f33305004495a9","hash":"0f40ca047648bbd3ae329c7dfa77ab49a5bd5a7d"}
,"/home/torsten/projects/ai-testing/sim_engine/utils/state_manager.js": {"path":"/home/torsten/projects/ai-testing/sim_engine/utils/state_manager.js","statementMap":{"0":{"start":{"line":1,"column":11},"end":{"line":1,"column":24}},"1":{"start":{"line":2,"column":13},"end":{"line":2,"column":28}},"2":{"start":{"line":3,"column":23},"end":{"line":3,"column":46}},"3":{"start":{"line":6,"column":4},"end":{"line":6,"column":63}},"4":{"start":{"line":10,"column":4},"end":{"line":17,"column":5}},"5":{"start":{"line":11,"column":8},"end":{"line":16,"column":9}},"6":{"start":{"line":12,"column":12},"end":{"line":12,"column":66}},"7":{"start":{"line":14,"column":12},"end":{"line":14,"column":70}},"8":{"start":{"line":15,"column":12},"end":{"line":15,"column":24}},"9":{"start":{"line":18,"column":4},"end":{"line":18,"column":16}},"10":{"start":{"line":22,"column":4},"end":{"line":22,"column":55}},"11":{"start":{"line":23,"column":26},"end":{"line":23,"column":124}},"12":{"start":{"line":25,"column":19},"end":{"line":47,"column":75}},"13":{"start":{"line":49,"column":4},"end":{"line":59,"column":5}},"14":{"start":{"line":50,"column":26},"end":{"line":50,"column":111}},"15":{"start":{"line":51,"column":8},"end":{"line":54,"column":9}},"16":{"start":{"line":52,"column":12},"end":{"line":52,"column":59}},"17":{"start":{"line":53,"column":12},"end":{"line":53,"column":24}},"18":{"start":{"line":55,"column":8},"end":{"line":55,"column":21}},"19":{"start":{"line":57,"column":8},"end":{"line":57,"column":65}},"20":{"start":{"line":58,"column":8},"end":{"line":58,"column":21}},"21":{"start":{"line":63,"column":4},"end":{"line":63,"column":47}},"22":{"start":{"line":64,"column":4},"end":{"line":64,"column":149}},"23":{"start":{"line":66,"column":4},"end":{"line":72,"column":5}},"24":{"start":{"line":67,"column":8},"end":{"line":67,"column":49}},"25":{"start":{"line":68,"column":24},"end":{"line":68,"column":86}},"26":{"start":{"line":69,"column":8},"end":{"line":71,"column":9}},"27":{"start":{"line":70,"column":12},"end":{"line":70,"column":117}},"28":{"start":{"line":73,"column":4},"end":{"line":73,"column":44}},"29":{"start":{"line":77,"column":4},"end":{"line":77,"column":75}},"30":{"start":{"line":79,"column":19},"end":{"line":92,"column":35}},"31":{"start":{"line":94,"column":4},"end":{"line":103,"column":5}},"32":{"start":{"line":95,"column":26},"end":{"line":95,"column":111}},"33":{"start":{"line":96,"column":8},"end":{"line":98,"column":9}},"34":{"start":{"line":97,"column":12},"end":{"line":97,"column":29}},"35":{"start":{"line":99,"column":8},"end":{"line":99,"column":20}},"36":{"start":{"line":101,"column":8},"end":{"line":101,"column":93}},"37":{"start":{"line":102,"column":8},"end":{"line":102,"column":20}},"38":{"start":{"line":106,"column":0},"end":{"line":106,"column":106}}},"fnMap":{"0":{"name":"saveState","decl":{"start":{"line":5,"column":9},"end":{"line":5,"column":18}},"loc":{"start":{"line":5,"column":36},"end":{"line":7,"column":1}},"line":5},"1":{"name":"loadState","decl":{"start":{"line":9,"column":9},"end":{"line":9,"column":18}},"loc":{"start":{"line":9,"column":30},"end":{"line":19,"column":1}},"line":9},"2":{"name":"runDistillation","decl":{"start":{"line":21,"column":15},"end":{"line":21,"column":30}},"loc":{"start":{"line":21,"column":73},"end":{"line":60,"column":1}},"line":21},"3":{"name":"finalizeSimulation","decl":{"start":{"line":62,"column":15},"end":{"line":62,"column":33}},"loc":{"start":{"line":62,"column":85},"end":{"line":74,"column":1}},"line":62},"4":{"name":"runIndividualDistillation","decl":{"start":{"line":76,"column":15},"end":{"line":76,"column":40}},"loc":{"start":{"line":76,"column":67},"end":{"line":104,"column":1}},"line":76}},"branchMap":{"0":{"loc":{"start":{"line":10,"column":4},"end":{"line":17,"column":5}},"type":"if","locations":[{"start":{"line":10,"column":4},"end":{"line":17,"column":5}},{"start":{},"end":{}}],"line":10},"1":{"loc":{"start":{"line":23,"column":26},"end":{"line":23,"column":124}},"type":"cond-expr","locations":[{"start":{"line":23,"column":61},"end":{"line":23,"column":103}},{"start":{"line":23,"column":106},"end":{"line":23,"column":124}}],"line":23},"2":{"loc":{"start":{"line":51,"column":8},"end":{"line":54,"column":9}},"type":"if","locations":[{"start":{"line":51,"column":8},"end":{"line":54,"column":9}},{"start":{},"end":{}}],"line":51},"3":{"loc":{"start":{"line":51,"column":12},"end":{"line":51,"column":55}},"type":"binary-expr","locations":[{"start":{"line":51,"column":12},"end":{"line":51,"column":21}},{"start":{"line":51,"column":25},"end":{"line":51,"column":55}}],"line":51},"4":{"loc":{"start":{"line":64,"column":93},"end":{"line":64,"column":140}},"type":"cond-expr","locations":[{"start":{"line":64,"column":109},"end":{"line":64,"column":117}},{"start":{"line":64,"column":120},"end":{"line":64,"column":140}}],"line":64},"5":{"loc":{"start":{"line":66,"column":4},"end":{"line":72,"column":5}},"type":"if","locations":[{"start":{"line":66,"column":4},"end":{"line":72,"column":5}},{"start":{},"end":{}}],"line":66},"6":{"loc":{"start":{"line":66,"column":8},"end":{"line":66,"column":61}},"type":"binary-expr","locations":[{"start":{"line":66,"column":8},"end":{"line":66,"column":27}},{"start":{"line":66,"column":31},"end":{"line":66,"column":61}}],"line":66},"7":{"loc":{"start":{"line":69,"column":8},"end":{"line":71,"column":9}},"type":"if","locations":[{"start":{"line":69,"column":8},"end":{"line":71,"column":9}},{"start":{},"end":{}}],"line":69},"8":{"loc":{"start":{"line":96,"column":8},"end":{"line":98,"column":9}},"type":"if","locations":[{"start":{"line":96,"column":8},"end":{"line":98,"column":9}},{"start":{},"end":{}}],"line":96},"9":{"loc":{"start":{"line":96,"column":12},"end":{"line":96,"column":55}},"type":"binary-expr","locations":[{"start":{"line":96,"column":12},"end":{"line":96,"column":21}},{"start":{"line":96,"column":25},"end":{"line":96,"column":55}}],"line":96}},"s":{"0":5,"1":5,"2":5,"3":1,"4":2,"5":2,"6":2,"7":1,"8":1,"9":0,"10":4,"11":4,"12":4,"13":4,"14":4,"15":3,"16":3,"17":3,"18":0,"19":1,"20":1,"21":2,"22":2,"23":2,"24":2,"25":2,"26":2,"27":2,"28":2,"29":0,"30":0,"31":0,"32":0,"33":0,"34":0,"35":0,"36":0,"37":0,"38":5},"f":{"0":1,"1":2,"2":4,"3":2,"4":0},"b":{"0":[2,0],"1":[1,3],"2":[3,0],"3":[3,3],"4":[1,1],"5":[2,0],"6":[2,2],"7":[2,0],"8":[0,0],"9":[0,0]},"_coverageSchema":"1a1c01bbd47fc00a2c39e90264f33305004495a9","hash":"a11dc76c4301d8428cd6c0cde702244785228a09"}
,"/home/torsten/projects/ai-testing/sim_engine/utils/validator.js": {"path":"/home/torsten/projects/ai-testing/sim_engine/utils/validator.js","statementMap":{"0":{"start":{"line":5,"column":21},"end":{"line":5,"column":97}},"1":{"start":{"line":6,"column":4},"end":{"line":10,"column":7}},"2":{"start":{"line":7,"column":8},"end":{"line":9,"column":9}},"3":{"start":{"line":8,"column":12},"end":{"line":8,"column":83}},"4":{"start":{"line":14,"column":15},"end":{"line":14,"column":28}},"5":{"start":{"line":15,"column":17},"end":{"line":15,"column":32}},"6":{"start":{"line":16,"column":20},"end":{"line":16,"column":50}},"7":{"start":{"line":17,"column":4},"end":{"line":19,"column":5}},"8":{"start":{"line":18,"column":8},"end":{"line":18,"column":98}},"9":{"start":{"line":22,"column":0},"end":{"line":22,"column":57}}},"fnMap":{"0":{"name":"validateConfig","decl":{"start":{"line":4,"column":9},"end":{"line":4,"column":23}},"loc":{"start":{"line":4,"column":32},"end":{"line":11,"column":1}},"line":4},"1":{"name":"(anonymous_1)","decl":{"start":{"line":6,"column":21},"end":{"line":6,"column":22}},"loc":{"start":{"line":6,"column":30},"end":{"line":10,"column":5}},"line":6},"2":{"name":"validateEnvironment","decl":{"start":{"line":13,"column":9},"end":{"line":13,"column":28}},"loc":{"start":{"line":13,"column":42},"end":{"line":20,"column":1}},"line":13}},"branchMap":{"0":{"loc":{"start":{"line":7,"column":8},"end":{"line":9,"column":9}},"type":"if","locations":[{"start":{"line":7,"column":8},"end":{"line":9,"column":9}},{"start":{},"end":{}}],"line":7},"1":{"loc":{"start":{"line":17,"column":4},"end":{"line":19,"column":5}},"type":"if","locations":[{"start":{"line":17,"column":4},"end":{"line":19,"column":5}},{"start":{},"end":{}}],"line":17},"2":{"loc":{"start":{"line":17,"column":8},"end":{"line":17,"column":62}},"type":"binary-expr","locations":[{"start":{"line":17,"column":8},"end":{"line":17,"column":31}},{"start":{"line":17,"column":35},"end":{"line":17,"column":62}}],"line":17}},"s":{"0":2,"1":2,"2":6,"3":1,"4":3,"5":3,"6":3,"7":3,"8":1,"9":1},"f":{"0":2,"1":6,"2":3},"b":{"0":[1,5],"1":[1,2],"2":[3,2]},"_coverageSchema":"1a1c01bbd47fc00a2c39e90264f33305004495a9","hash":"4f512b61f8037e40d89cd1bfebd504f3287365cd"}
}
