TN:
SF:.agents/skills/sim-agent-loop/scripts/utils/api_client.js
FN:3,callGemini
FN:18,(anonymous_1)
FN:26,buildAgentContext
FN:34,(anonymous_3)
FNF:4
FNH:4
FNDA:5,callGemini
FNDA:2,(anonymous_1)
FNDA:5,buildAgentContext
FNDA:3,(anonymous_3)
DA:1,1
DA:4,5
DA:5,7
DA:6,7
DA:11,4
DA:12,4
DA:13,3
DA:14,2
DA:16,4
DA:17,4
DA:18,2
DA:27,5
DA:29,5
DA:30,5
DA:32,5
DA:34,5
DA:35,3
DA:36,3
DA:37,3
DA:39,3
DA:42,1
DA:43,1
DA:46,1
DA:47,1
DA:48,1
DA:51,2
DA:52,1
DA:54,1
DA:59,5
DA:60,1
DA:61,4
DA:62,4
DA:65,5
DA:66,5
DA:68,5
DA:74,1
LF:36
LH:36
BRDA:3,0,0,2
BRDA:12,1,0,1
BRDA:12,1,1,3
BRDA:13,2,0,1
BRDA:13,2,1,2
BRDA:13,3,0,3
BRDA:13,3,1,3
BRDA:17,4,0,2
BRDA:17,4,1,2
BRDA:29,5,0,5
BRDA:29,5,1,0
BRDA:36,6,0,0
BRDA:36,6,1,3
BRDA:36,7,0,3
BRDA:36,7,1,0
BRDA:36,7,2,0
BRDA:37,8,0,0
BRDA:37,8,1,3
BRDA:39,9,0,1
BRDA:39,9,1,2
BRDA:42,10,0,1
BRDA:42,10,1,0
BRDA:42,11,0,1
BRDA:42,11,1,1
BRDA:46,12,0,0
BRDA:46,12,1,1
BRDA:46,13,0,1
BRDA:46,13,1,0
BRDA:51,14,0,1
BRDA:51,14,1,1
BRDA:59,15,0,1
BRDA:59,15,1,4
BRDA:61,16,0,4
BRDA:61,16,1,0
BRDA:61,17,0,4
BRDA:61,17,1,1
BRF:36
BRH:27
end_of_record
TN:
SF:.agents/skills/sim-agent-loop/scripts/utils/config_loader.js
FN:4,deepMerge
FN:7,(anonymous_1)
FN:17,loadConfig
FNF:3
FNH:3
FNDA:3,deepMerge
FNDA:4,(anonymous_1)
FNDA:1,loadConfig
DA:1,1
DA:2,1
DA:5,3
DA:6,3
DA:7,3
DA:8,4
DA:9,1
DA:10,1
DA:11,3
DA:14,3
DA:18,1
DA:19,1
DA:20,1
DA:22,1
DA:23,1
DA:26,1
LF:16
LH:16
BRDA:6,0,0,3
BRDA:6,0,1,0
BRDA:6,1,0,3
BRDA:6,1,1,3
BRDA:8,2,0,1
BRDA:8,2,1,3
BRDA:8,3,0,4
BRDA:8,3,1,4
BRDA:8,3,2,1
BRDA:9,4,0,0
BRDA:9,4,1,1
BRDA:19,5,0,1
BRDA:19,5,1,0
BRF:13
BRH:10
end_of_record
TN:
SF:.agents/skills/sim-agent-loop/scripts/utils/constants.js
FNF:0
FNH:0
DA:4,1
LF:1
LH:1
BRF:0
BRH:0
end_of_record
TN:
SF:.agents/skills/sim-agent-loop/scripts/utils/environment.js
FN:5,getEnvState
FN:7,(anonymous_1)
FN:10,(anonymous_2)
FN:24,processActions
FNF:4
FNH:4
FNDA:2,getEnvState
FNDA:3,(anonymous_1)
FNDA:3,(anonymous_2)
FNDA:4,processActions
DA:1,1
DA:2,1
DA:3,1
DA:6,2
DA:7,2
DA:8,3
DA:9,3
DA:10,3
DA:11,3
DA:12,3
DA:13,1
DA:15,2
DA:18,3
DA:20,2
DA:21,2
DA:25,4
DA:27,4
DA:29,4
DA:30,2
DA:31,2
DA:32,2
DA:33,2
DA:34,2
DA:35,2
DA:36,1
DA:38,1
DA:43,4
DA:44,4
DA:45,2
DA:46,2
DA:47,2
DA:48,1
DA:50,1
DA:51,1
DA:54,4
DA:57,1
LF:36
LH:36
BRDA:6,0,0,0
BRDA:6,0,1,2
BRDA:7,1,0,2
BRDA:12,2,0,1
BRDA:12,2,1,2
BRDA:21,3,0,1
BRDA:21,3,1,1
BRDA:48,4,0,1
BRDA:48,4,1,0
BRDA:50,5,0,1
BRDA:50,5,1,0
BRF:11
BRH:8
end_of_record
TN:
SF:.agents/skills/sim-agent-loop/scripts/utils/logger.js
FN:3,writeLogHeader
FN:5,(anonymous_1)
FN:12,appendTurnLog
FNF:3
FNH:3
FNDA:1,writeLogHeader
FNDA:1,(anonymous_1)
FNDA:1,appendTurnLog
DA:1,1
DA:4,1
DA:5,1
DA:6,1
DA:8,1
DA:9,1
DA:13,1
DA:14,1
DA:16,1
DA:22,1
DA:25,1
LF:11
LH:11
BRDA:12,0,0,0
BRDA:13,1,0,0
BRDA:13,1,1,1
BRDA:14,2,0,1
BRDA:14,2,1,0
BRF:5
BRH:2
end_of_record
TN:
SF:.agents/skills/sim-agent-loop/scripts/utils/logic_helpers.js
FN:7,cleanSystemTags
FN:12,(anonymous_1)
FN:26,countTotalTurns
FN:28,(anonymous_3)
FNF:4
FNH:4
FNDA:24,cleanSystemTags
FNDA:220,(anonymous_1)
FNDA:4,countTotalTurns
FNDA:5,(anonymous_3)
DA:1,1
DA:8,24
DA:9,22
DA:12,22
DA:14,220
DA:15,220
DA:16,220
DA:20,22
DA:21,22
DA:23,22
DA:27,4
DA:28,4
DA:29,5
DA:30,5
DA:31,2
DA:34,3
DA:35,3
DA:37,3
DA:40,4
DA:43,1
LF:20
LH:20
BRDA:8,0,0,2
BRDA:8,0,1,22
BRDA:29,1,0,5
BRDA:29,1,1,0
BRDA:29,2,0,0
BRDA:29,2,1,0
BRDA:30,3,0,2
BRDA:30,3,1,3
BRDA:35,4,0,2
BRDA:35,4,1,1
BRDA:37,5,0,2
BRDA:37,5,1,1
BRF:12
BRH:9
end_of_record
TN:
SF:.agents/skills/sim-agent-loop/scripts/utils/state_manager.js
FN:5,saveState
FN:9,loadState
FN:21,runDistillation
FN:61,finalizeSimulation
FNF:4
FNH:4
FNDA:1,saveState
FNDA:2,loadState
FNDA:4,runDistillation
FNDA:2,finalizeSimulation
DA:1,5
DA:2,5
DA:3,5
DA:6,1
DA:10,2
DA:11,2
DA:12,2
DA:14,1
DA:15,1
DA:18,0
DA:22,4
DA:23,4
DA:25,4
DA:48,4
DA:49,4
DA:50,3
DA:51,3
DA:52,3
DA:54,0
DA:56,1
DA:57,1
DA:62,2
DA:63,2
DA:65,2
DA:66,2
DA:67,2
DA:68,2
DA:69,2
DA:72,2
DA:75,5
LF:30
LH:28
BRDA:10,0,0,2
BRDA:10,0,1,0
BRDA:23,1,0,1
BRDA:23,1,1,3
BRDA:50,2,0,3
BRDA:50,2,1,0
BRDA:50,3,0,3
BRDA:50,3,1,3
BRDA:63,4,0,1
BRDA:63,4,1,1
BRDA:65,5,0,2
BRDA:65,5,1,0
BRDA:65,6,0,2
BRDA:65,6,1,2
BRDA:68,7,0,2
BRDA:68,7,1,0
BRF:16
BRH:12
end_of_record
TN:
SF:.agents/skills/sim-agent-loop/scripts/utils/validator.js
FN:4,validateConfig
FN:6,(anonymous_1)
FN:13,validateEnvironment
FNF:3
FNH:3
FNDA:2,validateConfig
FNDA:6,(anonymous_1)
FNDA:3,validateEnvironment
DA:5,2
DA:6,2
DA:7,6
DA:8,1
DA:14,3
DA:15,3
DA:16,3
DA:17,3
DA:18,1
DA:22,1
LF:10
LH:10
BRDA:7,0,0,1
BRDA:7,0,1,5
BRDA:17,1,0,1
BRDA:17,1,1,2
BRDA:17,2,0,3
BRDA:17,2,1,2
BRF:6
BRH:6
end_of_record
