TN:
SF:sim_engine/utils/api_client.js
FN:3,callGemini
FN:24,(anonymous_1)
FN:29,buildAgentContext
FN:34,(anonymous_3)
FNF:4
FNH:4
FNDA:5,callGemini
FNDA:2,(anonymous_1)
FNDA:5,buildAgentContext
FNDA:3,(anonymous_3)
DA:1,1
DA:5,5
DA:7,0
DA:10,5
DA:11,7
DA:12,7
DA:17,4
DA:18,4
DA:19,3
DA:20,2
DA:22,4
DA:23,4
DA:24,2
DA:30,5
DA:31,5
DA:32,5
DA:34,5
DA:35,3
DA:36,3
DA:37,1
DA:40,1
DA:44,1
DA:46,1
DA:47,1
DA:51,1
DA:53,2
DA:54,2
DA:55,2
DA:56,1
DA:58,1
DA:63,5
DA:66,5
DA:67,5
DA:70,5
DA:73,5
DA:75,5
DA:77,5
DA:83,1
LF:38
LH:37
BRDA:3,0,0,2
BRDA:5,1,0,0
BRDA:5,1,1,5
BRDA:18,2,0,1
BRDA:18,2,1,3
BRDA:19,3,0,1
BRDA:19,3,1,2
BRDA:19,4,0,3
BRDA:19,4,1,3
BRDA:23,5,0,2
BRDA:23,5,1,2
BRDA:31,6,0,5
BRDA:31,6,1,0
BRDA:36,7,0,1
BRDA:36,7,1,2
BRDA:37,8,0,1
BRDA:37,8,1,0
BRDA:40,9,0,0
BRDA:40,9,1,1
BRDA:47,10,0,0
BRDA:47,10,1,1
BRDA:48,11,0,0
BRDA:48,11,1,0
BRDA:53,12,0,0
BRDA:53,12,1,2
BRDA:53,13,0,2
BRDA:53,13,1,0
BRDA:55,14,0,1
BRDA:55,14,1,1
BRDA:63,15,0,5
BRDA:63,15,1,0
BRF:31
BRH:21
end_of_record
TN:
SF:sim_engine/utils/config_loader.js
FN:4,deepMerge
FN:7,(anonymous_1)
FN:17,loadConfig
FNF:3
FNH:3
FNDA:3,deepMerge
FNDA:4,(anonymous_1)
FNDA:1,loadConfig
DA:1,1
DA:2,1
DA:5,3
DA:6,3
DA:7,3
DA:8,4
DA:9,1
DA:10,1
DA:11,3
DA:14,3
DA:18,1
DA:19,1
DA:20,1
DA:22,1
DA:23,1
DA:26,1
LF:16
LH:16
BRDA:6,0,0,3
BRDA:6,0,1,0
BRDA:6,1,0,3
BRDA:6,1,1,3
BRDA:8,2,0,1
BRDA:8,2,1,3
BRDA:8,3,0,4
BRDA:8,3,1,4
BRDA:8,3,2,1
BRDA:9,4,0,0
BRDA:9,4,1,1
BRDA:19,5,0,1
BRDA:19,5,1,0
BRF:13
BRH:10
end_of_record
TN:
SF:sim_engine/utils/constants.js
FNF:0
FNH:0
DA:4,1
LF:1
LH:1
BRF:0
BRH:0
end_of_record
TN:
SF:sim_engine/utils/environment.js
FN:5,getEnvState
FN:10,(anonymous_1)
FN:17,checkAccess
FN:45,processActions
FN:94,(anonymous_4)
FNF:5
FNH:5
FNDA:2,getEnvState
FNDA:2,(anonymous_1)
FNDA:5,checkAccess
FNDA:11,processActions
FNDA:3,(anonymous_4)
DA:1,1
DA:2,1
DA:3,1
DA:6,2
DA:7,2
DA:9,1
DA:10,2
DA:11,1
DA:13,0
DA:18,5
DA:19,5
DA:20,5
DA:22,1
DA:23,1
DA:26,1
DA:28,1
DA:29,0
DA:30,0
DA:31,0
DA:33,0
DA:34,0
DA:37,1
DA:38,1
DA:39,1
DA:42,0
DA:46,11
DA:48,11
DA:49,0
DA:52,11
DA:53,11
DA:55,11
DA:56,11
DA:57,11
DA:58,0
DA:62,11
DA:64,11
DA:65,1
DA:66,1
DA:67,1
DA:69,1
DA:70,1
DA:71,1
DA:72,0
DA:73,0
DA:74,0
DA:79,11
DA:80,11
DA:82,11
DA:83,3
DA:84,3
DA:85,3
DA:86,3
DA:88,3
DA:90,3
DA:91,0
DA:92,0
DA:94,3
DA:96,3
DA:97,3
DA:99,3
DA:100,1
DA:101,1
DA:104,2
DA:105,2
DA:106,0
DA:107,0
DA:110,2
DA:111,2
DA:112,2
DA:115,2
DA:116,2
DA:117,2
DA:118,2
DA:119,2
DA:122,2
DA:127,11
DA:128,11
DA:129,3
DA:130,3
DA:131,3
DA:133,3
DA:134,1
DA:135,1
DA:138,2
DA:139,2
DA:140,1
DA:141,1
DA:144,1
DA:145,1
DA:147,1
DA:148,1
DA:150,0
DA:152,1
DA:156,11
DA:157,11
DA:158,2
DA:159,2
DA:160,2
DA:162,2
DA:163,1
DA:164,1
DA:167,1
DA:168,1
DA:169,0
DA:170,0
DA:173,1
DA:174,1
DA:175,1
DA:176,1
DA:178,0
DA:180,1
DA:184,11
DA:185,11
DA:186,2
DA:188,2
DA:191,2
DA:192,0
DA:193,0
DA:194,0
DA:195,0
DA:196,0
DA:197,0
DA:201,2
DA:202,2
DA:208,1
DA:210,1
DA:211,1
DA:214,11
DA:217,1
LF:129
LH:103
BRDA:7,0,0,1
BRDA:7,0,1,1
BRDA:18,1,0,0
BRDA:18,1,1,5
BRDA:20,2,0,4
BRDA:20,2,1,1
BRDA:22,3,0,1
BRDA:22,3,1,0
BRDA:26,4,0,0
BRDA:26,4,1,1
BRDA:26,5,0,1
BRDA:26,5,1,0
BRDA:28,6,0,0
BRDA:28,6,1,1
BRDA:28,7,0,1
BRDA:28,7,1,1
BRDA:28,7,2,1
BRDA:29,8,0,0
BRDA:29,8,1,0
BRDA:31,9,0,0
BRDA:31,9,1,0
BRDA:33,10,0,0
BRDA:33,10,1,0
BRDA:37,11,0,1
BRDA:37,11,1,0
BRDA:37,12,0,1
BRDA:37,12,1,0
BRDA:38,13,0,1
BRDA:38,13,1,0
BRDA:38,14,0,1
BRDA:38,14,1,1
BRDA:48,15,0,0
BRDA:48,15,1,11
BRDA:49,16,0,0
BRDA:49,16,1,0
BRDA:52,17,0,0
BRDA:52,17,1,11
BRDA:53,18,0,2
BRDA:53,18,1,9
BRDA:57,19,0,0
BRDA:57,19,1,11
BRDA:69,20,0,1
BRDA:69,20,1,0
BRDA:69,21,0,1
BRDA:69,21,1,1
BRDA:72,22,0,0
BRDA:72,22,1,0
BRDA:90,23,0,0
BRDA:90,23,1,3
BRDA:97,24,0,0
BRDA:97,24,1,3
BRDA:99,25,0,1
BRDA:99,25,1,2
BRDA:105,26,0,0
BRDA:105,26,1,2
BRDA:115,27,0,2
BRDA:115,27,1,0
BRDA:115,28,0,2
BRDA:115,28,1,2
BRDA:115,28,2,2
BRDA:116,29,0,2
BRDA:116,29,1,2
BRDA:117,30,0,0
BRDA:117,30,1,2
BRDA:118,31,0,0
BRDA:118,31,1,2
BRDA:131,32,0,0
BRDA:131,32,1,3
BRDA:133,33,0,1
BRDA:133,33,1,2
BRDA:139,34,0,1
BRDA:139,34,1,1
BRDA:144,35,0,1
BRDA:144,35,1,0
BRDA:160,36,0,0
BRDA:160,36,1,2
BRDA:162,37,0,1
BRDA:162,37,1,1
BRDA:168,38,0,0
BRDA:168,38,1,1
BRDA:173,39,0,1
BRDA:173,39,1,0
BRDA:188,40,0,0
BRDA:188,40,1,2
BRDA:188,41,0,2
BRDA:188,41,1,2
BRDA:188,41,2,2
BRDA:191,42,0,0
BRDA:191,42,1,2
BRDA:191,43,0,2
BRDA:191,43,1,2
BRDA:195,44,0,0
BRDA:195,44,1,0
BRDA:208,45,0,1
BRDA:208,45,1,0
BRDA:210,46,0,1
BRDA:210,46,1,0
BRF:97
BRH:58
end_of_record
TN:
SF:sim_engine/utils/logger.js
FN:3,writeLogHeader
FN:16,appendTurnLog
FN:33,appendBirthLog
FN:53,writeReport
FNF:4
FNH:2
FNDA:1,writeLogHeader
FNDA:1,appendTurnLog
FNDA:0,appendBirthLog
FNDA:0,writeReport
DA:1,1
DA:4,1
DA:7,1
DA:9,1
DA:11,1
DA:12,1
DA:13,1
DA:17,1
DA:18,1
DA:19,1
DA:21,1
DA:22,1
DA:23,1
DA:26,1
DA:27,1
DA:29,1
DA:30,1
DA:34,0
DA:35,0
DA:36,0
DA:38,0
DA:39,0
DA:41,0
DA:42,0
DA:43,0
DA:47,0
DA:48,0
DA:50,0
DA:54,0
DA:55,0
DA:58,1
LF:31
LH:18
BRDA:3,0,0,0
BRDA:4,1,0,1
BRDA:4,1,1,0
BRDA:7,2,0,0
BRDA:7,2,1,1
BRDA:7,3,0,1
BRDA:7,3,1,0
BRDA:7,4,0,0
BRDA:7,4,1,0
BRDA:7,4,2,0
BRDA:11,5,0,0
BRDA:11,5,1,1
BRDA:12,6,0,1
BRDA:12,6,1,0
BRDA:12,7,0,1
BRDA:12,7,1,0
BRDA:16,8,0,0
BRDA:16,9,0,0
BRDA:17,10,0,0
BRDA:17,10,1,1
BRDA:22,11,0,1
BRDA:22,11,1,0
BRDA:22,12,0,1
BRDA:22,12,1,1
BRDA:26,13,0,1
BRDA:26,13,1,0
BRDA:27,14,0,1
BRDA:27,14,1,0
BRDA:29,15,0,1
BRDA:29,15,1,0
BRDA:36,16,0,0
BRDA:36,16,1,0
BRDA:39,17,0,0
BRDA:39,17,1,0
BRDA:42,18,0,0
BRDA:42,18,1,0
BRF:36
BRH:13
end_of_record
TN:
SF:sim_engine/utils/logic_helpers.js
FN:7,cleanSystemTags
FN:12,(anonymous_1)
FN:26,countTotalTurns
FN:28,(anonymous_3)
FNF:4
FNH:4
FNDA:24,cleanSystemTags
FNDA:220,(anonymous_1)
FNDA:4,countTotalTurns
FNDA:5,(anonymous_3)
DA:1,1
DA:8,24
DA:9,22
DA:12,22
DA:14,220
DA:15,220
DA:16,220
DA:20,22
DA:21,22
DA:23,22
DA:27,4
DA:28,4
DA:29,5
DA:30,5
DA:31,2
DA:34,3
DA:35,3
DA:37,3
DA:40,4
DA:43,1
LF:20
LH:20
BRDA:8,0,0,2
BRDA:8,0,1,22
BRDA:29,1,0,5
BRDA:29,1,1,0
BRDA:29,2,0,0
BRDA:29,2,1,0
BRDA:30,3,0,2
BRDA:30,3,1,3
BRDA:35,4,0,2
BRDA:35,4,1,1
BRDA:37,5,0,2
BRDA:37,5,1,1
BRF:12
BRH:9
end_of_record
TN:
SF:sim_engine/utils/state_manager.js
FN:5,saveState
FN:9,loadState
FN:21,runDistillation
FN:62,finalizeSimulation
FN:76,runIndividualDistillation
FNF:5
FNH:4
FNDA:1,saveState
FNDA:2,loadState
FNDA:4,runDistillation
FNDA:2,finalizeSimulation
FNDA:0,runIndividualDistillation
DA:1,5
DA:2,5
DA:3,5
DA:6,1
DA:10,2
DA:11,2
DA:12,2
DA:14,1
DA:15,1
DA:18,0
DA:22,4
DA:23,4
DA:25,4
DA:49,4
DA:50,4
DA:51,3
DA:52,3
DA:53,3
DA:55,0
DA:57,1
DA:58,1
DA:63,2
DA:64,2
DA:66,2
DA:67,2
DA:68,2
DA:69,2
DA:70,2
DA:73,2
DA:77,0
DA:79,0
DA:94,0
DA:95,0
DA:96,0
DA:97,0
DA:99,0
DA:101,0
DA:102,0
DA:106,5
LF:39
LH:28
BRDA:10,0,0,2
BRDA:10,0,1,0
BRDA:23,1,0,1
BRDA:23,1,1,3
BRDA:51,2,0,3
BRDA:51,2,1,0
BRDA:51,3,0,3
BRDA:51,3,1,3
BRDA:64,4,0,1
BRDA:64,4,1,1
BRDA:66,5,0,2
BRDA:66,5,1,0
BRDA:66,6,0,2
BRDA:66,6,1,2
BRDA:69,7,0,2
BRDA:69,7,1,0
BRDA:96,8,0,0
BRDA:96,8,1,0
BRDA:96,9,0,0
BRDA:96,9,1,0
BRF:20
BRH:12
end_of_record
TN:
SF:sim_engine/utils/validator.js
FN:4,validateConfig
FN:6,(anonymous_1)
FN:13,validateEnvironment
FNF:3
FNH:3
FNDA:2,validateConfig
FNDA:6,(anonymous_1)
FNDA:3,validateEnvironment
DA:5,2
DA:6,2
DA:7,6
DA:8,1
DA:14,3
DA:15,3
DA:16,3
DA:17,3
DA:18,1
DA:22,1
LF:10
LH:10
BRDA:7,0,0,1
BRDA:7,0,1,5
BRDA:17,1,0,1
BRDA:17,1,1,2
BRDA:17,2,0,3
BRDA:17,2,1,2
BRF:6
BRH:6
end_of_record
